Using pre-set license
Built from '2020.3/staging' branch; Version is '2020.3.25f1 (9b9180224418) revision 10195328'; Using compiler version '192528614'; Build Type 'Release'
OS: 'Windows 10  (10.0.19044) 64bit Professional' Language: 'ru' Physical Memory: 16283 MB
BatchMode: 1, IsHumanControllingUs: 0, StartBugReporterOnCrash: 0, Is64bit: 1, IsPro: 0

COMMAND LINE ARGUMENTS:
C:\Program Files\Unity\Hub\Editor\2020.3.25f1\Editor\Unity.exe
-adb2
-batchMode
-noUpm
-name
AssetImportWorker0
-projectPath
D:/NTI_Learning_CSharp_Unity/Homework/Homework1_11
-logFile
Logs/AssetImportWorker0.log
-srvPort
61415
Successfully changed project path to: D:/NTI_Learning_CSharp_Unity/Homework/Homework1_11
D:/NTI_Learning_CSharp_Unity/Homework/Homework1_11
Using Asset Import Pipeline V2.
Refreshing native plugins compatible for Editor in 63.90 ms, found 2 plugins.
Preloading 0 native plugins for Editor in 0.00 ms.
Initialize engine version: 2020.3.25f1 (9b9180224418)
[Subsystems] Discovering subsystems at path C:/Program Files/Unity/Hub/Editor/2020.3.25f1/Editor/Data/Resources/UnitySubsystems
[Subsystems] Discovering subsystems at path D:/NTI_Learning_CSharp_Unity/Homework/Homework1_11/Assets
GfxDevice: creating device client; threaded=0
Direct3D:
    Version:  Direct3D 11.0 [level 11.1]
    Renderer: Radeon RX 580 Series (ID=0x67df)
    Vendor:   
    VRAM:     4075 MB
    Driver:   30.0.13023.1012
Initialize mono
Mono path[0] = 'C:/Program Files/Unity/Hub/Editor/2020.3.25f1/Editor/Data/Managed'
Mono path[1] = 'C:/Program Files/Unity/Hub/Editor/2020.3.25f1/Editor/Data/MonoBleedingEdge/lib/mono/unityjit'
Mono config path = 'C:/Program Files/Unity/Hub/Editor/2020.3.25f1/Editor/Data/MonoBleedingEdge/etc'
Using monoOptions --debugger-agent=transport=dt_socket,embedding=1,server=y,suspend=n,address=127.0.0.1:56884
Begin MonoManager ReloadAssembly
Registering precompiled unity dll's ...
Register platform support module: C:/Program Files/Unity/Hub/Editor/2020.3.25f1/Editor/Data/PlaybackEngines/WindowsStandaloneSupport/UnityEditor.WindowsStandalone.Extensions.dll
Registered in 0.006659 seconds.
Native extension for WindowsStandalone target not found
Refreshing native plugins compatible for Editor in 53.50 ms, found 2 plugins.
Preloading 0 native plugins for Editor in 0.00 ms.
Mono: successfully reloaded assembly
- Completed reload, in  1.331 seconds
Domain Reload Profiling:
	ReloadAssembly (1331ms)
		BeginReloadAssembly (139ms)
			ExecutionOrderSort (0ms)
			DisableScriptedObjects (0ms)
			BackupInstance (0ms)
			ReleaseScriptingObjects (0ms)
			CreateAndSetChildDomain (1ms)
		EndReloadAssembly (1041ms)
			LoadAssemblies (134ms)
			RebuildTransferFunctionScriptingTraits (0ms)
			SetupTypeCache (461ms)
			ReleaseScriptCaches (0ms)
			RebuildScriptCaches (67ms)
			SetupLoadedEditorAssemblies (329ms)
				LogAssemblyErrors (0ms)
				InitializePlatformSupportModulesInManaged (8ms)
				SetLoadedEditorAssemblies (0ms)
				RefreshPlugins (54ms)
				BeforeProcessingInitializeOnLoad (32ms)
				ProcessInitializeOnLoadAttributes (185ms)
				ProcessInitializeOnLoadMethodAttributes (50ms)
				AfterProcessingInitializeOnLoad (0ms)
				EditorAssembliesLoaded (0ms)
			ExecutionOrderSort2 (0ms)
			AwakeInstancesAfterBackupRestoration (0ms)
Platform modules already initialized, skipping
Registering precompiled user dll's ...
Registered in 0.009509 seconds.
Begin MonoManager ReloadAssembly
Native extension for WindowsStandalone target not found
Refreshing native plugins compatible for Editor in 0.52 ms, found 2 plugins.
Preloading 0 native plugins for Editor in 0.00 ms.
Mono: successfully reloaded assembly
- Completed reload, in  1.841 seconds
Domain Reload Profiling:
	ReloadAssembly (1843ms)
		BeginReloadAssembly (286ms)
			ExecutionOrderSort (0ms)
			DisableScriptedObjects (9ms)
			BackupInstance (0ms)
			ReleaseScriptingObjects (0ms)
			CreateAndSetChildDomain (31ms)
		EndReloadAssembly (1436ms)
			LoadAssemblies (184ms)
			RebuildTransferFunctionScriptingTraits (0ms)
			SetupTypeCache (521ms)
			ReleaseScriptCaches (1ms)
			RebuildScriptCaches (85ms)
			SetupLoadedEditorAssemblies (519ms)
				LogAssemblyErrors (0ms)
				InitializePlatformSupportModulesInManaged (8ms)
				SetLoadedEditorAssemblies (1ms)
				RefreshPlugins (1ms)
				BeforeProcessingInitializeOnLoad (137ms)
				ProcessInitializeOnLoadAttributes (341ms)
				ProcessInitializeOnLoadMethodAttributes (15ms)
				AfterProcessingInitializeOnLoad (16ms)
				EditorAssembliesLoaded (0ms)
			ExecutionOrderSort2 (0ms)
			AwakeInstancesAfterBackupRestoration (11ms)
Platform modules already initialized, skipping
========================================================================
Worker process is ready to serve import requests
Launched and connected shader compiler UnityShaderCompiler.exe after 0.09 seconds
Refreshing native plugins compatible for Editor in 0.55 ms, found 2 plugins.
Preloading 0 native plugins for Editor in 0.00 ms.
Unloading 1515 Unused Serialized files (Serialized files now loaded: 0)
System memory in use before: 67.9 MB.
System memory in use after: 68.0 MB.

Unloading 19 unused Assets to reduce memory usage. Loaded Objects now: 1948.
Total: 3.821600 ms (FindLiveObjects: 0.237800 ms CreateObjectMapping: 0.086600 ms MarkObjects: 3.413100 ms  DeleteObjects: 0.082700 ms)

AssetImportParameters requested are different than current active one (requested -> active):
  custom:framework-win-MediaFoundation: 216162199b28c13a410421893ffa2e32 -> 
  custom:video-decoder-ogg-theora: a1e56fd34408186e4bbccfd4996cb3dc -> 
  custom:container-muxer-webm: aa71ff27fc2769a1b78a27578f13a17b -> 
  custom:container-demuxer-webm: 4f35f7cbe854078d1ac9338744f61a02 -> 
  custom:container-demuxer-ogg: 62fdf1f143b41e24485cea50d1cbac27 -> 
  custom:video-encoder-webm-vp8: eb34c28f22e8b96e1ab97ce403110664 -> 
  custom:video-decoder-webm-vp8: 9c59270c3fd7afecdb556c50c9e8de78 -> 
  custom:audio-decoder-ogg-vorbis: bf7c407c2cedff20999df2af8eb42d56 -> 
  custom:audio-encoder-webm-vorbis: bf7c407c2cedff20999df2af8eb42d56 -> 
========================================================================
Received Import Request.
  path: Assets/Scripts/CameraFollow.cs
  artifactKey: Guid(a24737a043d995f45ac95da14bd34975) Importer(815301076,1909f56bfc062723c751e8b465ee728b)
Start importing Assets/Scripts/CameraFollow.cs using Guid(a24737a043d995f45ac95da14bd34975) Importer(815301076,1909f56bfc062723c751e8b465ee728b)  -> (artifact id: 'e584f05c7db40a3d536cc4e1e2d6fcca') in 0.074381 seconds 
  Import took 0.077354 seconds .

========================================================================
Received Import Request.
  Time since last request: 3.319191 seconds.
  path: Assets/Scripts/CameraFollow.cs
  artifactKey: Guid(a24737a043d995f45ac95da14bd34975) Importer(815301076,1909f56bfc062723c751e8b465ee728b)
Start importing Assets/Scripts/CameraFollow.cs using Guid(a24737a043d995f45ac95da14bd34975) Importer(815301076,1909f56bfc062723c751e8b465ee728b)  -> (artifact id: 'bdc40ef11b0b013a64bdc3d6f9ae4900') in 0.007916 seconds 
  Import took 0.013774 seconds .

========================================================================
Received Prepare
Registering precompiled user dll's ...
Registered in 0.006838 seconds.
Begin MonoManager ReloadAssembly
Native extension for WindowsStandalone target not found
Refreshing native plugins compatible for Editor in 0.59 ms, found 2 plugins.
Preloading 0 native plugins for Editor in 0.00 ms.
Mono: successfully reloaded assembly
- Completed reload, in  1.751 seconds
Domain Reload Profiling:
	ReloadAssembly (1751ms)
		BeginReloadAssembly (213ms)
			ExecutionOrderSort (0ms)
			DisableScriptedObjects (8ms)
			BackupInstance (0ms)
			ReleaseScriptingObjects (0ms)
			CreateAndSetChildDomain (51ms)
		EndReloadAssembly (1413ms)
			LoadAssemblies (196ms)
			RebuildTransferFunctionScriptingTraits (0ms)
			SetupTypeCache (523ms)
			ReleaseScriptCaches (1ms)
			RebuildScriptCaches (79ms)
			SetupLoadedEditorAssemblies (492ms)
				LogAssemblyErrors (0ms)
				InitializePlatformSupportModulesInManaged (8ms)
				SetLoadedEditorAssemblies (1ms)
				RefreshPlugins (1ms)
				BeforeProcessingInitializeOnLoad (130ms)
				ProcessInitializeOnLoadAttributes (321ms)
				ProcessInitializeOnLoadMethodAttributes (15ms)
				AfterProcessingInitializeOnLoad (16ms)
				EditorAssembliesLoaded (0ms)
			ExecutionOrderSort2 (0ms)
			AwakeInstancesAfterBackupRestoration (11ms)
Platform modules already initialized, skipping
Refreshing native plugins compatible for Editor in 0.52 ms, found 2 plugins.
Preloading 0 native plugins for Editor in 0.00 ms.
Unloading 1509 Unused Serialized files (Serialized files now loaded: 0)
System memory in use before: 67.8 MB.
System memory in use after: 67.9 MB.

Unloading 14 unused Assets to reduce memory usage. Loaded Objects now: 1950.
Total: 3.527000 ms (FindLiveObjects: 0.218900 ms CreateObjectMapping: 0.083800 ms MarkObjects: 3.204500 ms  DeleteObjects: 0.018500 ms)

AssetImportParameters requested are different than current active one (requested -> active):
  custom:framework-win-MediaFoundation: 216162199b28c13a410421893ffa2e32 -> 
  custom:video-decoder-ogg-theora: a1e56fd34408186e4bbccfd4996cb3dc -> 
  custom:container-muxer-webm: aa71ff27fc2769a1b78a27578f13a17b -> 
  custom:container-demuxer-webm: 4f35f7cbe854078d1ac9338744f61a02 -> 
  custom:container-demuxer-ogg: 62fdf1f143b41e24485cea50d1cbac27 -> 
  custom:video-encoder-webm-vp8: eb34c28f22e8b96e1ab97ce403110664 -> 
  custom:video-decoder-webm-vp8: 9c59270c3fd7afecdb556c50c9e8de78 -> 
  custom:audio-decoder-ogg-vorbis: bf7c407c2cedff20999df2af8eb42d56 -> 
  custom:audio-encoder-webm-vorbis: bf7c407c2cedff20999df2af8eb42d56 -> 
========================================================================
Received Import Request.
  Time since last request: 57.557245 seconds.
  path: Assets/Scripts/Controls.cs
  artifactKey: Guid(42b4257abbff37d49b07b9dee5828c82) Importer(815301076,1909f56bfc062723c751e8b465ee728b)
Start importing Assets/Scripts/Controls.cs using Guid(42b4257abbff37d49b07b9dee5828c82) Importer(815301076,1909f56bfc062723c751e8b465ee728b)  -> (artifact id: '0b8e0263369c8f933e24e84c8077858f') in 0.009077 seconds 
  Import took 0.012548 seconds .

========================================================================
Received Import Request.
  Time since last request: 8.939559 seconds.
  path: Assets/Scripts/Controls.cs
  artifactKey: Guid(42b4257abbff37d49b07b9dee5828c82) Importer(815301076,1909f56bfc062723c751e8b465ee728b)
Start importing Assets/Scripts/Controls.cs using Guid(42b4257abbff37d49b07b9dee5828c82) Importer(815301076,1909f56bfc062723c751e8b465ee728b)  -> (artifact id: '382316da967ce99947b44436b757bc21') in 0.004873 seconds 
  Import took 0.008331 seconds .

========================================================================
Received Prepare
Registering precompiled user dll's ...
Registered in 0.006803 seconds.
Begin MonoManager ReloadAssembly
Native extension for WindowsStandalone target not found
Refreshing native plugins compatible for Editor in 0.58 ms, found 2 plugins.
Preloading 0 native plugins for Editor in 0.00 ms.
Mono: successfully reloaded assembly
- Completed reload, in  1.736 seconds
Domain Reload Profiling:
	ReloadAssembly (1736ms)
		BeginReloadAssembly (217ms)
			ExecutionOrderSort (0ms)
			DisableScriptedObjects (8ms)
			BackupInstance (0ms)
			ReleaseScriptingObjects (0ms)
			CreateAndSetChildDomain (53ms)
		EndReloadAssembly (1398ms)
			LoadAssemblies (184ms)
			RebuildTransferFunctionScriptingTraits (0ms)
			SetupTypeCache (516ms)
			ReleaseScriptCaches (1ms)
			RebuildScriptCaches (78ms)
			SetupLoadedEditorAssemblies (496ms)
				LogAssemblyErrors (0ms)
				InitializePlatformSupportModulesInManaged (8ms)
				SetLoadedEditorAssemblies (1ms)
				RefreshPlugins (1ms)
				BeforeProcessingInitializeOnLoad (129ms)
				ProcessInitializeOnLoadAttributes (324ms)
				ProcessInitializeOnLoadMethodAttributes (16ms)
				AfterProcessingInitializeOnLoad (17ms)
				EditorAssembliesLoaded (0ms)
			ExecutionOrderSort2 (0ms)
			AwakeInstancesAfterBackupRestoration (11ms)
Platform modules already initialized, skipping
Refreshing native plugins compatible for Editor in 0.54 ms, found 2 plugins.
Preloading 0 native plugins for Editor in 0.00 ms.
Unloading 1509 Unused Serialized files (Serialized files now loaded: 0)
System memory in use before: 67.8 MB.
System memory in use after: 67.9 MB.

Unloading 14 unused Assets to reduce memory usage. Loaded Objects now: 1952.
Total: 3.753300 ms (FindLiveObjects: 0.256600 ms CreateObjectMapping: 0.203000 ms MarkObjects: 3.269700 ms  DeleteObjects: 0.022700 ms)

AssetImportParameters requested are different than current active one (requested -> active):
  custom:framework-win-MediaFoundation: 216162199b28c13a410421893ffa2e32 -> 
  custom:video-decoder-ogg-theora: a1e56fd34408186e4bbccfd4996cb3dc -> 
  custom:container-muxer-webm: aa71ff27fc2769a1b78a27578f13a17b -> 
  custom:container-demuxer-webm: 4f35f7cbe854078d1ac9338744f61a02 -> 
  custom:container-demuxer-ogg: 62fdf1f143b41e24485cea50d1cbac27 -> 
  custom:video-encoder-webm-vp8: eb34c28f22e8b96e1ab97ce403110664 -> 
  custom:video-decoder-webm-vp8: 9c59270c3fd7afecdb556c50c9e8de78 -> 
  custom:audio-decoder-ogg-vorbis: bf7c407c2cedff20999df2af8eb42d56 -> 
  custom:audio-encoder-webm-vorbis: bf7c407c2cedff20999df2af8eb42d56 -> 
========================================================================
Received Import Request.
  Time since last request: 84.235261 seconds.
  path: Assets/Scripts/GameState.cs
  artifactKey: Guid(ece61c21c7ec80845aa901ad141b4d01) Importer(815301076,1909f56bfc062723c751e8b465ee728b)
Start importing Assets/Scripts/GameState.cs using Guid(ece61c21c7ec80845aa901ad141b4d01) Importer(815301076,1909f56bfc062723c751e8b465ee728b)  -> (artifact id: '0fd44aaaf7a64c5ff7cdced46745f14c') in 0.008941 seconds 
  Import took 0.012423 seconds .

========================================================================
Received Prepare
Registering precompiled user dll's ...
Registered in 0.007173 seconds.
Begin MonoManager ReloadAssembly
Native extension for WindowsStandalone target not found
Refreshing native plugins compatible for Editor in 0.56 ms, found 2 plugins.
Preloading 0 native plugins for Editor in 0.00 ms.
Mono: successfully reloaded assembly
- Completed reload, in  2.057 seconds
Domain Reload Profiling:
	ReloadAssembly (2058ms)
		BeginReloadAssembly (220ms)
			ExecutionOrderSort (0ms)
			DisableScriptedObjects (8ms)
			BackupInstance (0ms)
			ReleaseScriptingObjects (0ms)
			CreateAndSetChildDomain (50ms)
		EndReloadAssembly (1714ms)
			LoadAssemblies (198ms)
			RebuildTransferFunctionScriptingTraits (0ms)
			SetupTypeCache (548ms)
			ReleaseScriptCaches (1ms)
			RebuildScriptCaches (78ms)
			SetupLoadedEditorAssemblies (762ms)
				LogAssemblyErrors (0ms)
				InitializePlatformSupportModulesInManaged (8ms)
				SetLoadedEditorAssemblies (1ms)
				RefreshPlugins (1ms)
				BeforeProcessingInitializeOnLoad (142ms)
				ProcessInitializeOnLoadAttributes (571ms)
				ProcessInitializeOnLoadMethodAttributes (20ms)
				AfterProcessingInitializeOnLoad (19ms)
				EditorAssembliesLoaded (1ms)
			ExecutionOrderSort2 (0ms)
			AwakeInstancesAfterBackupRestoration (12ms)
Platform modules already initialized, skipping
Refreshing native plugins compatible for Editor in 0.54 ms, found 2 plugins.
Preloading 0 native plugins for Editor in 0.00 ms.
Unloading 1509 Unused Serialized files (Serialized files now loaded: 0)
System memory in use before: 67.8 MB.
System memory in use after: 67.9 MB.

Unloading 14 unused Assets to reduce memory usage. Loaded Objects now: 1954.
Total: 3.611700 ms (FindLiveObjects: 0.233100 ms CreateObjectMapping: 0.086300 ms MarkObjects: 3.269900 ms  DeleteObjects: 0.020600 ms)

AssetImportParameters requested are different than current active one (requested -> active):
  custom:framework-win-MediaFoundation: 216162199b28c13a410421893ffa2e32 -> 
  custom:video-decoder-ogg-theora: a1e56fd34408186e4bbccfd4996cb3dc -> 
  custom:container-muxer-webm: aa71ff27fc2769a1b78a27578f13a17b -> 
  custom:container-demuxer-webm: 4f35f7cbe854078d1ac9338744f61a02 -> 
  custom:container-demuxer-ogg: 62fdf1f143b41e24485cea50d1cbac27 -> 
  custom:video-encoder-webm-vp8: eb34c28f22e8b96e1ab97ce403110664 -> 
  custom:video-decoder-webm-vp8: 9c59270c3fd7afecdb556c50c9e8de78 -> 
  custom:audio-decoder-ogg-vorbis: bf7c407c2cedff20999df2af8eb42d56 -> 
  custom:audio-encoder-webm-vorbis: bf7c407c2cedff20999df2af8eb42d56 -> 
========================================================================
Received Import Request.
  Time since last request: 150.512553 seconds.
  path: Assets/Scripts/GameState.cs
  artifactKey: Guid(ece61c21c7ec80845aa901ad141b4d01) Importer(815301076,1909f56bfc062723c751e8b465ee728b)
Start importing Assets/Scripts/GameState.cs using Guid(ece61c21c7ec80845aa901ad141b4d01) Importer(815301076,1909f56bfc062723c751e8b465ee728b)  -> (artifact id: 'ea6292edc396ea3dcb9003d1426fbb14') in 0.021820 seconds 
  Import took 0.027121 seconds .

========================================================================
Received Import Request.
  Time since last request: 6.580707 seconds.
  path: Assets/Scripts/GameState.cs
  artifactKey: Guid(ece61c21c7ec80845aa901ad141b4d01) Importer(815301076,1909f56bfc062723c751e8b465ee728b)
Start importing Assets/Scripts/GameState.cs using Guid(ece61c21c7ec80845aa901ad141b4d01) Importer(815301076,1909f56bfc062723c751e8b465ee728b)  -> (artifact id: '224efd1a4f02f3a72d265660a0704db0') in 0.012826 seconds 
  Import took 0.018585 seconds .

========================================================================
Received Prepare
Registering precompiled user dll's ...
Registered in 0.007599 seconds.
Begin MonoManager ReloadAssembly
Native extension for WindowsStandalone target not found
Refreshing native plugins compatible for Editor in 0.58 ms, found 2 plugins.
Preloading 0 native plugins for Editor in 0.00 ms.
Mono: successfully reloaded assembly
- Completed reload, in  1.955 seconds
Domain Reload Profiling:
	ReloadAssembly (1956ms)
		BeginReloadAssembly (211ms)
			ExecutionOrderSort (0ms)
			DisableScriptedObjects (9ms)
			BackupInstance (0ms)
			ReleaseScriptingObjects (0ms)
			CreateAndSetChildDomain (51ms)
		EndReloadAssembly (1619ms)
			LoadAssemblies (189ms)
			RebuildTransferFunctionScriptingTraits (0ms)
			SetupTypeCache (511ms)
			ReleaseScriptCaches (1ms)
			RebuildScriptCaches (78ms)
			SetupLoadedEditorAssemblies (703ms)
				LogAssemblyErrors (0ms)
				InitializePlatformSupportModulesInManaged (8ms)
				SetLoadedEditorAssemblies (1ms)
				RefreshPlugins (1ms)
				BeforeProcessingInitializeOnLoad (136ms)
				ProcessInitializeOnLoadAttributes (524ms)
				ProcessInitializeOnLoadMethodAttributes (16ms)
				AfterProcessingInitializeOnLoad (17ms)
				EditorAssembliesLoaded (1ms)
			ExecutionOrderSort2 (0ms)
			AwakeInstancesAfterBackupRestoration (22ms)
Platform modules already initialized, skipping
Refreshing native plugins compatible for Editor in 0.54 ms, found 2 plugins.
Preloading 0 native plugins for Editor in 0.00 ms.
Unloading 1509 Unused Serialized files (Serialized files now loaded: 0)
System memory in use before: 67.8 MB.
System memory in use after: 67.9 MB.

Unloading 14 unused Assets to reduce memory usage. Loaded Objects now: 1956.
Total: 3.770600 ms (FindLiveObjects: 0.230700 ms CreateObjectMapping: 0.085700 ms MarkObjects: 3.430600 ms  DeleteObjects: 0.022000 ms)

AssetImportParameters requested are different than current active one (requested -> active):
  custom:framework-win-MediaFoundation: 216162199b28c13a410421893ffa2e32 -> 
  custom:video-decoder-ogg-theora: a1e56fd34408186e4bbccfd4996cb3dc -> 
  custom:container-muxer-webm: aa71ff27fc2769a1b78a27578f13a17b -> 
  custom:container-demuxer-webm: 4f35f7cbe854078d1ac9338744f61a02 -> 
  custom:container-demuxer-ogg: 62fdf1f143b41e24485cea50d1cbac27 -> 
  custom:video-encoder-webm-vp8: eb34c28f22e8b96e1ab97ce403110664 -> 
  custom:video-decoder-webm-vp8: 9c59270c3fd7afecdb556c50c9e8de78 -> 
  custom:audio-decoder-ogg-vorbis: bf7c407c2cedff20999df2af8eb42d56 -> 
  custom:audio-encoder-webm-vorbis: bf7c407c2cedff20999df2af8eb42d56 -> 
========================================================================
Received Import Request.
  Time since last request: 602.404390 seconds.
  path: Assets/Scripts/LevelGenerator.cs
  artifactKey: Guid(d883f2a583bad6e4b840dd0eec5d0856) Importer(815301076,1909f56bfc062723c751e8b465ee728b)
Start importing Assets/Scripts/LevelGenerator.cs using Guid(d883f2a583bad6e4b840dd0eec5d0856) Importer(815301076,1909f56bfc062723c751e8b465ee728b)  -> (artifact id: '667655a863349714d0664fef258fe644') in 0.008677 seconds 
  Import took 0.011778 seconds .

========================================================================
Received Import Request.
  Time since last request: 290.673405 seconds.
  path: Assets/Scripts/LevelGenerator.cs
  artifactKey: Guid(d883f2a583bad6e4b840dd0eec5d0856) Importer(815301076,1909f56bfc062723c751e8b465ee728b)
Start importing Assets/Scripts/LevelGenerator.cs using Guid(d883f2a583bad6e4b840dd0eec5d0856) Importer(815301076,1909f56bfc062723c751e8b465ee728b)  -> (artifact id: '33503d58d5e31a8a3cf577d93da9ed94') in 0.004285 seconds 
  Import took 0.007894 seconds .

========================================================================
Received Prepare
Registering precompiled user dll's ...
Registered in 0.006862 seconds.
Begin MonoManager ReloadAssembly
Native extension for WindowsStandalone target not found
Refreshing native plugins compatible for Editor in 0.61 ms, found 2 plugins.
Preloading 0 native plugins for Editor in 0.00 ms.
Mono: successfully reloaded assembly
- Completed reload, in  1.742 seconds
Domain Reload Profiling:
	ReloadAssembly (1743ms)
		BeginReloadAssembly (212ms)
			ExecutionOrderSort (0ms)
			DisableScriptedObjects (8ms)
			BackupInstance (0ms)
			ReleaseScriptingObjects (0ms)
			CreateAndSetChildDomain (50ms)
		EndReloadAssembly (1408ms)
			LoadAssemblies (190ms)
			RebuildTransferFunctionScriptingTraits (0ms)
			SetupTypeCache (508ms)
			ReleaseScriptCaches (1ms)
			RebuildScriptCaches (81ms)
			SetupLoadedEditorAssemblies (502ms)
				LogAssemblyErrors (0ms)
				InitializePlatformSupportModulesInManaged (8ms)
				SetLoadedEditorAssemblies (1ms)
				RefreshPlugins (1ms)
				BeforeProcessingInitializeOnLoad (132ms)
				ProcessInitializeOnLoadAttributes (329ms)
				ProcessInitializeOnLoadMethodAttributes (15ms)
				AfterProcessingInitializeOnLoad (16ms)
				EditorAssembliesLoaded (0ms)
			ExecutionOrderSort2 (0ms)
			AwakeInstancesAfterBackupRestoration (13ms)
Platform modules already initialized, skipping
Refreshing native plugins compatible for Editor in 0.54 ms, found 2 plugins.
Preloading 0 native plugins for Editor in 0.00 ms.
Unloading 1509 Unused Serialized files (Serialized files now loaded: 0)
System memory in use before: 67.8 MB.
System memory in use after: 67.9 MB.

Unloading 14 unused Assets to reduce memory usage. Loaded Objects now: 1958.
Total: 3.825100 ms (FindLiveObjects: 0.226700 ms CreateObjectMapping: 0.085600 ms MarkObjects: 3.487300 ms  DeleteObjects: 0.020800 ms)

AssetImportParameters requested are different than current active one (requested -> active):
  custom:framework-win-MediaFoundation: 216162199b28c13a410421893ffa2e32 -> 
  custom:video-decoder-ogg-theora: a1e56fd34408186e4bbccfd4996cb3dc -> 
  custom:container-muxer-webm: aa71ff27fc2769a1b78a27578f13a17b -> 
  custom:container-demuxer-webm: 4f35f7cbe854078d1ac9338744f61a02 -> 
  custom:container-demuxer-ogg: 62fdf1f143b41e24485cea50d1cbac27 -> 
  custom:video-encoder-webm-vp8: eb34c28f22e8b96e1ab97ce403110664 -> 
  custom:video-decoder-webm-vp8: 9c59270c3fd7afecdb556c50c9e8de78 -> 
  custom:audio-decoder-ogg-vorbis: bf7c407c2cedff20999df2af8eb42d56 -> 
  custom:audio-encoder-webm-vorbis: bf7c407c2cedff20999df2af8eb42d56 -> 
========================================================================
Received Import Request.
  Time since last request: 173.956714 seconds.
  path: Assets/Prefabs/Platform.prefab
  artifactKey: Guid(93686102af8738a40b704103f2160941) Importer(815301076,1909f56bfc062723c751e8b465ee728b)
Start importing Assets/Prefabs/Platform.prefab using Guid(93686102af8738a40b704103f2160941) Importer(815301076,1909f56bfc062723c751e8b465ee728b)  -> (artifact id: '1eb65d6212b8c3ef7ca51932540f5a07') in 0.274215 seconds 
  Import took 0.277781 seconds .

========================================================================
Received Import Request.
  Time since last request: 9.080069 seconds.
  path: Assets/Prefabs/Platform 1.prefab
  artifactKey: Guid(e1e664eb46dce0b48b722ad87c0158aa) Importer(815301076,1909f56bfc062723c751e8b465ee728b)
Start importing Assets/Prefabs/Platform 1.prefab using Guid(e1e664eb46dce0b48b722ad87c0158aa) Importer(815301076,1909f56bfc062723c751e8b465ee728b)  -> (artifact id: '33562118e7aaf37282717018ca408cef') in 0.019317 seconds 
  Import took 0.023206 seconds .

========================================================================
Received Import Request.
  Time since last request: 9.114385 seconds.
  path: Assets/Prefabs/StartPlatform.prefab
  artifactKey: Guid(e1e664eb46dce0b48b722ad87c0158aa) Importer(815301076,1909f56bfc062723c751e8b465ee728b)
Start importing Assets/Prefabs/StartPlatform.prefab using Guid(e1e664eb46dce0b48b722ad87c0158aa) Importer(815301076,1909f56bfc062723c751e8b465ee728b)  -> (artifact id: '0f8761eb66c6819cc8f383fc7cc73bca') in 0.015776 seconds 
  Import took 0.019320 seconds .

========================================================================
Received Import Request.
  Time since last request: 34.095020 seconds.
  path: Assets/Prefabs/Platform_finish.prefab
  artifactKey: Guid(f93a59d474f190e4aab4744aa728f9c2) Importer(815301076,1909f56bfc062723c751e8b465ee728b)
Start importing Assets/Prefabs/Platform_finish.prefab using Guid(f93a59d474f190e4aab4744aa728f9c2) Importer(815301076,1909f56bfc062723c751e8b465ee728b)  -> (artifact id: '8c96f4f5f11873585660f4210b7d1936') in 0.019502 seconds 
  Import took 0.023106 seconds .

========================================================================
Received Import Request.
  Time since last request: 1.178303 seconds.
  path: Assets/Prefabs/Platform.prefab
  artifactKey: Guid(93686102af8738a40b704103f2160941) Importer(815301076,1909f56bfc062723c751e8b465ee728b)
Start importing Assets/Prefabs/Platform.prefab using Guid(93686102af8738a40b704103f2160941) Importer(815301076,1909f56bfc062723c751e8b465ee728b)  -> (artifact id: 'd351234edf7dfb6aec88c8b1ca56fb08') in 0.015765 seconds 
  Import took 0.019241 seconds .

========================================================================
Received Prepare
Registering precompiled user dll's ...
Registered in 0.007784 seconds.
Begin MonoManager ReloadAssembly
Native extension for WindowsStandalone target not found
Refreshing native plugins compatible for Editor in 0.56 ms, found 2 plugins.
Preloading 0 native plugins for Editor in 0.00 ms.
Mono: successfully reloaded assembly
- Completed reload, in  1.969 seconds
Domain Reload Profiling:
	ReloadAssembly (1970ms)
		BeginReloadAssembly (227ms)
			ExecutionOrderSort (0ms)
			DisableScriptedObjects (8ms)
			BackupInstance (0ms)
			ReleaseScriptingObjects (0ms)
			CreateAndSetChildDomain (55ms)
		EndReloadAssembly (1615ms)
			LoadAssemblies (200ms)
			RebuildTransferFunctionScriptingTraits (0ms)
			SetupTypeCache (700ms)
			ReleaseScriptCaches (1ms)
			RebuildScriptCaches (82ms)
			SetupLoadedEditorAssemblies (503ms)
				LogAssemblyErrors (0ms)
				InitializePlatformSupportModulesInManaged (8ms)
				SetLoadedEditorAssemblies (1ms)
				RefreshPlugins (1ms)
				BeforeProcessingInitializeOnLoad (132ms)
				ProcessInitializeOnLoadAttributes (328ms)
				ProcessInitializeOnLoadMethodAttributes (16ms)
				AfterProcessingInitializeOnLoad (17ms)
				EditorAssembliesLoaded (1ms)
			ExecutionOrderSort2 (0ms)
			AwakeInstancesAfterBackupRestoration (12ms)
Platform modules already initialized, skipping
Refreshing native plugins compatible for Editor in 0.53 ms, found 2 plugins.
Preloading 0 native plugins for Editor in 0.00 ms.
Unloading 1509 Unused Serialized files (Serialized files now loaded: 0)
System memory in use before: 71.0 MB.
System memory in use after: 71.1 MB.

Unloading 14 unused Assets to reduce memory usage. Loaded Objects now: 1968.
Total: 3.809200 ms (FindLiveObjects: 0.240200 ms CreateObjectMapping: 0.084700 ms MarkObjects: 3.461300 ms  DeleteObjects: 0.021200 ms)

AssetImportParameters requested are different than current active one (requested -> active):
  custom:framework-win-MediaFoundation: 216162199b28c13a410421893ffa2e32 -> 
  custom:video-decoder-ogg-theora: a1e56fd34408186e4bbccfd4996cb3dc -> 
  custom:container-muxer-webm: aa71ff27fc2769a1b78a27578f13a17b -> 
  custom:container-demuxer-webm: 4f35f7cbe854078d1ac9338744f61a02 -> 
  custom:container-demuxer-ogg: 62fdf1f143b41e24485cea50d1cbac27 -> 
  custom:video-encoder-webm-vp8: eb34c28f22e8b96e1ab97ce403110664 -> 
  custom:video-decoder-webm-vp8: 9c59270c3fd7afecdb556c50c9e8de78 -> 
  custom:audio-decoder-ogg-vorbis: bf7c407c2cedff20999df2af8eb42d56 -> 
  custom:audio-encoder-webm-vorbis: bf7c407c2cedff20999df2af8eb42d56 -> 
========================================================================
Received Prepare
Registering precompiled user dll's ...
Registered in 0.007351 seconds.
Begin MonoManager ReloadAssembly
Native extension for WindowsStandalone target not found
Refreshing native plugins compatible for Editor in 0.54 ms, found 2 plugins.
Preloading 0 native plugins for Editor in 0.00 ms.
Mono: successfully reloaded assembly
- Completed reload, in  1.749 seconds
Domain Reload Profiling:
	ReloadAssembly (1750ms)
		BeginReloadAssembly (221ms)
			ExecutionOrderSort (0ms)
			DisableScriptedObjects (8ms)
			BackupInstance (0ms)
			ReleaseScriptingObjects (0ms)
			CreateAndSetChildDomain (49ms)
		EndReloadAssembly (1404ms)
			LoadAssemblies (189ms)
			RebuildTransferFunctionScriptingTraits (0ms)
			SetupTypeCache (508ms)
			ReleaseScriptCaches (1ms)
			RebuildScriptCaches (80ms)
			SetupLoadedEditorAssemblies (499ms)
				LogAssemblyErrors (0ms)
				InitializePlatformSupportModulesInManaged (8ms)
				SetLoadedEditorAssemblies (1ms)
				RefreshPlugins (1ms)
				BeforeProcessingInitializeOnLoad (129ms)
				ProcessInitializeOnLoadAttributes (327ms)
				ProcessInitializeOnLoadMethodAttributes (15ms)
				AfterProcessingInitializeOnLoad (17ms)
				EditorAssembliesLoaded (1ms)
			ExecutionOrderSort2 (0ms)
			AwakeInstancesAfterBackupRestoration (11ms)
Platform modules already initialized, skipping
Refreshing native plugins compatible for Editor in 0.53 ms, found 2 plugins.
Preloading 0 native plugins for Editor in 0.00 ms.
Unloading 1509 Unused Serialized files (Serialized files now loaded: 0)
System memory in use before: 71.0 MB.
System memory in use after: 71.1 MB.

Unloading 14 unused Assets to reduce memory usage. Loaded Objects now: 1970.
Total: 3.718300 ms (FindLiveObjects: 0.225300 ms CreateObjectMapping: 0.078000 ms MarkObjects: 3.392000 ms  DeleteObjects: 0.021400 ms)

AssetImportParameters requested are different than current active one (requested -> active):
  custom:framework-win-MediaFoundation: 216162199b28c13a410421893ffa2e32 -> 
  custom:video-decoder-ogg-theora: a1e56fd34408186e4bbccfd4996cb3dc -> 
  custom:container-muxer-webm: aa71ff27fc2769a1b78a27578f13a17b -> 
  custom:container-demuxer-webm: 4f35f7cbe854078d1ac9338744f61a02 -> 
  custom:container-demuxer-ogg: 62fdf1f143b41e24485cea50d1cbac27 -> 
  custom:video-encoder-webm-vp8: eb34c28f22e8b96e1ab97ce403110664 -> 
  custom:video-decoder-webm-vp8: 9c59270c3fd7afecdb556c50c9e8de78 -> 
  custom:audio-decoder-ogg-vorbis: bf7c407c2cedff20999df2af8eb42d56 -> 
  custom:audio-encoder-webm-vorbis: bf7c407c2cedff20999df2af8eb42d56 -> 
========================================================================
Received Import Request.
  Time since last request: 138.789736 seconds.
  path: Assets/Prefabs/Platform.prefab
  artifactKey: Guid(93686102af8738a40b704103f2160941) Importer(815301076,1909f56bfc062723c751e8b465ee728b)
Start importing Assets/Prefabs/Platform.prefab using Guid(93686102af8738a40b704103f2160941) Importer(815301076,1909f56bfc062723c751e8b465ee728b)  -> (artifact id: 'b948c856105cffea5269daa2d84f42a9') in 0.094235 seconds 
  Import took 0.098034 seconds .

========================================================================
Received Prepare
Registering precompiled user dll's ...
Registered in 0.007009 seconds.
Begin MonoManager ReloadAssembly
Native extension for WindowsStandalone target not found
Refreshing native plugins compatible for Editor in 0.51 ms, found 2 plugins.
Preloading 0 native plugins for Editor in 0.00 ms.
Mono: successfully reloaded assembly
- Completed reload, in  1.878 seconds
Domain Reload Profiling:
	ReloadAssembly (1878ms)
		BeginReloadAssembly (225ms)
			ExecutionOrderSort (0ms)
			DisableScriptedObjects (8ms)
			BackupInstance (0ms)
			ReleaseScriptingObjects (0ms)
			CreateAndSetChildDomain (56ms)
		EndReloadAssembly (1530ms)
			LoadAssemblies (189ms)
			RebuildTransferFunctionScriptingTraits (0ms)
			SetupTypeCache (475ms)
			ReleaseScriptCaches (1ms)
			RebuildScriptCaches (78ms)
			SetupLoadedEditorAssemblies (676ms)
				LogAssemblyErrors (0ms)
				InitializePlatformSupportModulesInManaged (8ms)
				SetLoadedEditorAssemblies (1ms)
				RefreshPlugins (1ms)
				BeforeProcessingInitializeOnLoad (306ms)
				ProcessInitializeOnLoadAttributes (329ms)
				ProcessInitializeOnLoadMethodAttributes (14ms)
				AfterProcessingInitializeOnLoad (16ms)
				EditorAssembliesLoaded (0ms)
			ExecutionOrderSort2 (0ms)
			AwakeInstancesAfterBackupRestoration (11ms)
Platform modules already initialized, skipping
Refreshing native plugins compatible for Editor in 0.55 ms, found 2 plugins.
Preloading 0 native plugins for Editor in 0.00 ms.
Unloading 1509 Unused Serialized files (Serialized files now loaded: 0)
System memory in use before: 71.0 MB.
System memory in use after: 71.1 MB.

Unloading 14 unused Assets to reduce memory usage. Loaded Objects now: 1973.
Total: 3.579000 ms (FindLiveObjects: 0.204100 ms CreateObjectMapping: 0.078700 ms MarkObjects: 3.271900 ms  DeleteObjects: 0.023000 ms)

AssetImportParameters requested are different than current active one (requested -> active):
  custom:framework-win-MediaFoundation: 216162199b28c13a410421893ffa2e32 -> 
  custom:video-decoder-ogg-theora: a1e56fd34408186e4bbccfd4996cb3dc -> 
  custom:container-muxer-webm: aa71ff27fc2769a1b78a27578f13a17b -> 
  custom:container-demuxer-webm: 4f35f7cbe854078d1ac9338744f61a02 -> 
  custom:container-demuxer-ogg: 62fdf1f143b41e24485cea50d1cbac27 -> 
  custom:video-encoder-webm-vp8: eb34c28f22e8b96e1ab97ce403110664 -> 
  custom:video-decoder-webm-vp8: 9c59270c3fd7afecdb556c50c9e8de78 -> 
  custom:audio-decoder-ogg-vorbis: bf7c407c2cedff20999df2af8eb42d56 -> 
  custom:audio-encoder-webm-vorbis: bf7c407c2cedff20999df2af8eb42d56 -> 
========================================================================
Received Import Request.
  Time since last request: 1126.021692 seconds.
  path: Assets/Prefabs/Platform_Template_3.prefab
  artifactKey: Guid(2266b4095b899ca4190cb6d40bc85648) Importer(815301076,1909f56bfc062723c751e8b465ee728b)
Start importing Assets/Prefabs/Platform_Template_3.prefab using Guid(2266b4095b899ca4190cb6d40bc85648) Importer(815301076,1909f56bfc062723c751e8b465ee728b)  -> (artifact id: '19fa86ae1407e954cbdd64a5f26e4e01') in 0.108513 seconds 
  Import took 0.112733 seconds .

========================================================================
Received Import Request.
  Time since last request: 1.898227 seconds.
  path: Assets/Prefabs/Platform_Template_3 1.prefab
  artifactKey: Guid(c31561402d1b52042a306c6d30df0be7) Importer(815301076,1909f56bfc062723c751e8b465ee728b)
Start importing Assets/Prefabs/Platform_Template_3 1.prefab using Guid(c31561402d1b52042a306c6d30df0be7) Importer(815301076,1909f56bfc062723c751e8b465ee728b)  -> (artifact id: '8fcf714fc05f5eb7c12ea31163c8a3e2') in 0.033303 seconds 
  Import took 0.037102 seconds .

========================================================================
Received Import Request.
  Time since last request: 6.138695 seconds.
  path: Assets/Prefabs/Platform_Template_4.prefab
  artifactKey: Guid(c31561402d1b52042a306c6d30df0be7) Importer(815301076,1909f56bfc062723c751e8b465ee728b)
Start importing Assets/Prefabs/Platform_Template_4.prefab using Guid(c31561402d1b52042a306c6d30df0be7) Importer(815301076,1909f56bfc062723c751e8b465ee728b)  -> (artifact id: '516875ba387d3d9f395bc80187e86328') in 0.019353 seconds 
  Import took 0.023386 seconds .

========================================================================
Received Import Request.
  Time since last request: 166.677812 seconds.
  path: Assets/Prefabs/Platform_Template_4.prefab
  artifactKey: Guid(c31561402d1b52042a306c6d30df0be7) Importer(815301076,1909f56bfc062723c751e8b465ee728b)
Start importing Assets/Prefabs/Platform_Template_4.prefab using Guid(c31561402d1b52042a306c6d30df0be7) Importer(815301076,1909f56bfc062723c751e8b465ee728b)  -> (artifact id: '61af9e6cbcd056b73275a8c18030328e') in 0.020246 seconds 
  Import took 0.024316 seconds .

========================================================================
Received Import Request.
  Time since last request: 1.751077 seconds.
  path: Assets/Prefabs/Platform_Template_4 1.prefab
  artifactKey: Guid(11f100735ba665a4082f8a1f1da2186c) Importer(815301076,1909f56bfc062723c751e8b465ee728b)
Start importing Assets/Prefabs/Platform_Template_4 1.prefab using Guid(11f100735ba665a4082f8a1f1da2186c) Importer(815301076,1909f56bfc062723c751e8b465ee728b)  -> (artifact id: '268be23e38a2afb02d4c4e3c779c1420') in 0.020142 seconds 
  Import took 0.023884 seconds .

========================================================================
Received Import Request.
  Time since last request: 8.376684 seconds.
  path: Assets/Prefabs/Platform_Template_5.prefab
  artifactKey: Guid(11f100735ba665a4082f8a1f1da2186c) Importer(815301076,1909f56bfc062723c751e8b465ee728b)
Start importing Assets/Prefabs/Platform_Template_5.prefab using Guid(11f100735ba665a4082f8a1f1da2186c) Importer(815301076,1909f56bfc062723c751e8b465ee728b)  -> (artifact id: '541e011b79e33c0d96916543a7941ca7') in 0.020322 seconds 
  Import took 0.024196 seconds .

========================================================================
Received Import Request.
  Time since last request: 38.379947 seconds.
  path: Assets/Prefabs/Platform_Template_4 1.prefab
  artifactKey: Guid(11f100735ba665a4082f8a1f1da2186c) Importer(815301076,1909f56bfc062723c751e8b465ee728b)
Start importing Assets/Prefabs/Platform_Template_4 1.prefab using Guid(11f100735ba665a4082f8a1f1da2186c) Importer(815301076,1909f56bfc062723c751e8b465ee728b)  -> (artifact id: '234eb80e6ea0df9f551e46206f369e4d') in 0.019180 seconds 
  Import took 0.023001 seconds .

========================================================================
Received Import Request.
  Time since last request: 2.900155 seconds.
  path: Assets/Prefabs/Platform_Template_5.prefab
  artifactKey: Guid(11f100735ba665a4082f8a1f1da2186c) Importer(815301076,1909f56bfc062723c751e8b465ee728b)
Start importing Assets/Prefabs/Platform_Template_5.prefab using Guid(11f100735ba665a4082f8a1f1da2186c) Importer(815301076,1909f56bfc062723c751e8b465ee728b)  -> (artifact id: '3a3e387fad813bf443fe7bbd1f22259a') in 0.019360 seconds 
  Import took 0.023433 seconds .

========================================================================
Received Import Request.
  Time since last request: 2.894613 seconds.
  path: Assets/Prefabs/Platform_Template_5 1.prefab
  artifactKey: Guid(23588f7a865c68f428daaf4716cf96cd) Importer(815301076,1909f56bfc062723c751e8b465ee728b)
Start importing Assets/Prefabs/Platform_Template_5 1.prefab using Guid(23588f7a865c68f428daaf4716cf96cd) Importer(815301076,1909f56bfc062723c751e8b465ee728b)  -> (artifact id: 'c5b2d057053ce333c3077b3aab3c24dc') in 0.019916 seconds 
  Import took 0.024210 seconds .

========================================================================
Received Import Request.
  Time since last request: 3.404443 seconds.
  path: Assets/Prefabs/Platform_Template_6.prefab
  artifactKey: Guid(23588f7a865c68f428daaf4716cf96cd) Importer(815301076,1909f56bfc062723c751e8b465ee728b)
Start importing Assets/Prefabs/Platform_Template_6.prefab using Guid(23588f7a865c68f428daaf4716cf96cd) Importer(815301076,1909f56bfc062723c751e8b465ee728b)  -> (artifact id: '020a0207780765a88ff14662b2ea3b7e') in 0.019405 seconds 
  Import took 0.023292 seconds .

========================================================================
Received Import Request.
  Time since last request: 13.700922 seconds.
  path: Assets/Prefabs/Platform_Template_6.prefab
  artifactKey: Guid(23588f7a865c68f428daaf4716cf96cd) Importer(815301076,1909f56bfc062723c751e8b465ee728b)
Start importing Assets/Prefabs/Platform_Template_6.prefab using Guid(23588f7a865c68f428daaf4716cf96cd) Importer(815301076,1909f56bfc062723c751e8b465ee728b)  -> (artifact id: '7d85bfdcc82c79d7fba12621ceb7f632') in 0.021446 seconds 
  Import took 0.025979 seconds .

========================================================================
Received Import Request.
  Time since last request: 1.199973 seconds.
  path: Assets/Prefabs/Platform_Template_6 1.prefab
  artifactKey: Guid(9be5533f31402274aacaa9558ab19663) Importer(815301076,1909f56bfc062723c751e8b465ee728b)
Start importing Assets/Prefabs/Platform_Template_6 1.prefab using Guid(9be5533f31402274aacaa9558ab19663) Importer(815301076,1909f56bfc062723c751e8b465ee728b)  -> (artifact id: 'eb278996d5783cdfb7b899ef726074b6') in 0.020322 seconds 
  Import took 0.024431 seconds .

========================================================================
Received Import Request.
  Time since last request: 3.557538 seconds.
  path: Assets/Prefabs/Platform_Template_7.prefab
  artifactKey: Guid(9be5533f31402274aacaa9558ab19663) Importer(815301076,1909f56bfc062723c751e8b465ee728b)
Start importing Assets/Prefabs/Platform_Template_7.prefab using Guid(9be5533f31402274aacaa9558ab19663) Importer(815301076,1909f56bfc062723c751e8b465ee728b)  -> (artifact id: '045d990df8e60430c52802db10ad6265') in 0.019345 seconds 
  Import took 0.023130 seconds .

========================================================================
Received Import Request.
  Time since last request: 12.653199 seconds.
  path: Assets/Prefabs/Platform_Template_7.prefab
  artifactKey: Guid(9be5533f31402274aacaa9558ab19663) Importer(815301076,1909f56bfc062723c751e8b465ee728b)
Start importing Assets/Prefabs/Platform_Template_7.prefab using Guid(9be5533f31402274aacaa9558ab19663) Importer(815301076,1909f56bfc062723c751e8b465ee728b)  -> (artifact id: '31c6b2916d3e00c567a982d294545b4e') in 0.019195 seconds 
  Import took 0.023316 seconds .

========================================================================
Received Import Request.
  Time since last request: 1.256911 seconds.
  path: Assets/Prefabs/Platform_Template_7 1.prefab
  artifactKey: Guid(21e76d79647893a4a800d6fd3ea172f9) Importer(815301076,1909f56bfc062723c751e8b465ee728b)
Start importing Assets/Prefabs/Platform_Template_7 1.prefab using Guid(21e76d79647893a4a800d6fd3ea172f9) Importer(815301076,1909f56bfc062723c751e8b465ee728b)  -> (artifact id: '67135e7bb90067b8506f8b7cec97b3dc') in 0.020215 seconds 
  Import took 0.024441 seconds .

========================================================================
Received Import Request.
  Time since last request: 4.554834 seconds.
  path: Assets/Prefabs/Platform_Template_8.prefab
  artifactKey: Guid(21e76d79647893a4a800d6fd3ea172f9) Importer(815301076,1909f56bfc062723c751e8b465ee728b)
Start importing Assets/Prefabs/Platform_Template_8.prefab using Guid(21e76d79647893a4a800d6fd3ea172f9) Importer(815301076,1909f56bfc062723c751e8b465ee728b)  -> (artifact id: '7c979c6beca1b7e4f10cd0ee95c475cd') in 0.018508 seconds 
  Import took 0.022353 seconds .

========================================================================
Received Import Request.
  Time since last request: 20.769389 seconds.
  path: Assets/Prefabs/Platform_Template_8.prefab
  artifactKey: Guid(21e76d79647893a4a800d6fd3ea172f9) Importer(815301076,1909f56bfc062723c751e8b465ee728b)
Start importing Assets/Prefabs/Platform_Template_8.prefab using Guid(21e76d79647893a4a800d6fd3ea172f9) Importer(815301076,1909f56bfc062723c751e8b465ee728b)  -> (artifact id: 'd28c489a6ff9afa7aa1093f404ed7b9e') in 0.020092 seconds 
  Import took 0.024006 seconds .

========================================================================
Received Import Request.
  Time since last request: 1.669086 seconds.
  path: Assets/Prefabs/Platform_Template_8 1.prefab
  artifactKey: Guid(7882d71b214914b45b2cbb890aab0aaf) Importer(815301076,1909f56bfc062723c751e8b465ee728b)
Start importing Assets/Prefabs/Platform_Template_8 1.prefab using Guid(7882d71b214914b45b2cbb890aab0aaf) Importer(815301076,1909f56bfc062723c751e8b465ee728b)  -> (artifact id: '83d8fa2fabcca9418abee0eb06ccb375') in 0.020831 seconds 
  Import took 0.024791 seconds .

========================================================================
Received Import Request.
  Time since last request: 5.426686 seconds.
  path: Assets/Prefabs/Platform_Template_9.prefab
  artifactKey: Guid(7882d71b214914b45b2cbb890aab0aaf) Importer(815301076,1909f56bfc062723c751e8b465ee728b)
Start importing Assets/Prefabs/Platform_Template_9.prefab using Guid(7882d71b214914b45b2cbb890aab0aaf) Importer(815301076,1909f56bfc062723c751e8b465ee728b)  -> (artifact id: 'f687d4720647e7869dbb509f155ecb25') in 0.018825 seconds 
  Import took 0.022809 seconds .

========================================================================
Received Import Request.
  Time since last request: 35.807720 seconds.
  path: Assets/Prefabs/Platform_Template_9.prefab
  artifactKey: Guid(7882d71b214914b45b2cbb890aab0aaf) Importer(815301076,1909f56bfc062723c751e8b465ee728b)
Start importing Assets/Prefabs/Platform_Template_9.prefab using Guid(7882d71b214914b45b2cbb890aab0aaf) Importer(815301076,1909f56bfc062723c751e8b465ee728b)  -> (artifact id: 'd52d2dcb594f682d3d218b13fef09dd4') in 0.018833 seconds 
  Import took 0.022743 seconds .

========================================================================
Received Import Request.
  Time since last request: 1.658535 seconds.
  path: Assets/Prefabs/Platform_Template_9 1.prefab
  artifactKey: Guid(6c14a4a46b12fd944bf03a44843260ea) Importer(815301076,1909f56bfc062723c751e8b465ee728b)
Start importing Assets/Prefabs/Platform_Template_9 1.prefab using Guid(6c14a4a46b12fd944bf03a44843260ea) Importer(815301076,1909f56bfc062723c751e8b465ee728b)  -> (artifact id: 'a8366f90e569f669008cfa05b45b488b') in 0.030114 seconds 
  Import took 0.033917 seconds .

========================================================================
Received Import Request.
  Time since last request: 9.367837 seconds.
  path: Assets/Prefabs/Platform_Template_10.prefab
  artifactKey: Guid(6c14a4a46b12fd944bf03a44843260ea) Importer(815301076,1909f56bfc062723c751e8b465ee728b)
Start importing Assets/Prefabs/Platform_Template_10.prefab using Guid(6c14a4a46b12fd944bf03a44843260ea) Importer(815301076,1909f56bfc062723c751e8b465ee728b)  -> (artifact id: 'ed739d5bf2d09bdcfce0eb9c4053ce81') in 0.019090 seconds 
  Import took 0.023116 seconds .

========================================================================
Received Import Request.
  Time since last request: 1.331668 seconds.
  path: Assets/Prefabs/Platform_Template_1.prefab
  artifactKey: Guid(bd28229452c4bea4e8f4de51d77487f9) Importer(815301076,1909f56bfc062723c751e8b465ee728b)
Start importing Assets/Prefabs/Platform_Template_1.prefab using Guid(bd28229452c4bea4e8f4de51d77487f9) Importer(815301076,1909f56bfc062723c751e8b465ee728b)  -> (artifact id: 'd2d6fb11483c93861cc1bccacb4131a5') in 0.016506 seconds 
  Import took 0.020102 seconds .

========================================================================
Received Import Request.
  Time since last request: 0.570245 seconds.
  path: Assets/Prefabs/Platform_Template_2.prefab
  artifactKey: Guid(aaefe3aed7c84434a876ae0803726c7a) Importer(815301076,1909f56bfc062723c751e8b465ee728b)
Start importing Assets/Prefabs/Platform_Template_2.prefab using Guid(aaefe3aed7c84434a876ae0803726c7a) Importer(815301076,1909f56bfc062723c751e8b465ee728b)  -> (artifact id: '7e38b2aa1c2fd842c79f69423f721577') in 0.017507 seconds 
  Import took 0.021538 seconds .

========================================================================
Received Import Request.
  Time since last request: 26.961280 seconds.
  path: Assets/Prefabs/Platform_Template_2.prefab
  artifactKey: Guid(aaefe3aed7c84434a876ae0803726c7a) Importer(815301076,1909f56bfc062723c751e8b465ee728b)
Start importing Assets/Prefabs/Platform_Template_2.prefab using Guid(aaefe3aed7c84434a876ae0803726c7a) Importer(815301076,1909f56bfc062723c751e8b465ee728b)  -> (artifact id: '48198ba699d9096cdbb7f09a56a7ed51') in 0.018337 seconds 
  Import took 0.022415 seconds .

========================================================================
Received Import Request.
  Time since last request: 0.817029 seconds.
  path: Assets/Prefabs/Platform_Template_3.prefab
  artifactKey: Guid(2266b4095b899ca4190cb6d40bc85648) Importer(815301076,1909f56bfc062723c751e8b465ee728b)
Start importing Assets/Prefabs/Platform_Template_3.prefab using Guid(2266b4095b899ca4190cb6d40bc85648) Importer(815301076,1909f56bfc062723c751e8b465ee728b)  -> (artifact id: 'a607a9f044b60a65b47836991bfd7330') in 0.018950 seconds 
  Import took 0.022729 seconds .

========================================================================
Received Import Request.
  Time since last request: 1.065287 seconds.
  path: Assets/Prefabs/Platform_Template_4.prefab
  artifactKey: Guid(c31561402d1b52042a306c6d30df0be7) Importer(815301076,1909f56bfc062723c751e8b465ee728b)
Start importing Assets/Prefabs/Platform_Template_4.prefab using Guid(c31561402d1b52042a306c6d30df0be7) Importer(815301076,1909f56bfc062723c751e8b465ee728b)  -> (artifact id: 'ed50265cb6c59d852b637875f3553666') in 0.019166 seconds 
  Import took 0.023131 seconds .

========================================================================
Received Import Request.
  Time since last request: 6.472723 seconds.
  path: Assets/Prefabs/Platform_finish.prefab
  artifactKey: Guid(f93a59d474f190e4aab4744aa728f9c2) Importer(815301076,1909f56bfc062723c751e8b465ee728b)
Start importing Assets/Prefabs/Platform_finish.prefab using Guid(f93a59d474f190e4aab4744aa728f9c2) Importer(815301076,1909f56bfc062723c751e8b465ee728b)  -> (artifact id: '9cd768e64b68f2c8eba981f9b8c85644') in 0.018843 seconds 
  Import took 0.022694 seconds .

========================================================================
Received Import Request.
  Time since last request: 0.168421 seconds.
  path: Assets/Prefabs/Platform.prefab
  artifactKey: Guid(93686102af8738a40b704103f2160941) Importer(815301076,1909f56bfc062723c751e8b465ee728b)
Start importing Assets/Prefabs/Platform.prefab using Guid(93686102af8738a40b704103f2160941) Importer(815301076,1909f56bfc062723c751e8b465ee728b)  -> (artifact id: '0f256fc9c8f334d86a4defbc68cc0c57') in 0.015473 seconds 
  Import took 0.019055 seconds .

========================================================================
Received Import Request.
  Time since last request: 21.016806 seconds.
  path: Assets/Prefabs/Platform_Template_1.prefab
  artifactKey: Guid(bd28229452c4bea4e8f4de51d77487f9) Importer(815301076,1909f56bfc062723c751e8b465ee728b)
Start importing Assets/Prefabs/Platform_Template_1.prefab using Guid(bd28229452c4bea4e8f4de51d77487f9) Importer(815301076,1909f56bfc062723c751e8b465ee728b)  -> (artifact id: '8bbe27e44872634929959f4f51f0b873') in 0.017554 seconds 
  Import took 0.021249 seconds .

========================================================================
Received Import Request.
  Time since last request: 2.182969 seconds.
  path: Assets/Prefabs/Platform_Template_2.prefab
  artifactKey: Guid(aaefe3aed7c84434a876ae0803726c7a) Importer(815301076,1909f56bfc062723c751e8b465ee728b)
Start importing Assets/Prefabs/Platform_Template_2.prefab using Guid(aaefe3aed7c84434a876ae0803726c7a) Importer(815301076,1909f56bfc062723c751e8b465ee728b)  -> (artifact id: '31476a2d42a1454d61ea18207dd9e68a') in 0.017434 seconds 
  Import took 0.021356 seconds .

========================================================================
Received Import Request.
  Time since last request: 1.073998 seconds.
  path: Assets/Prefabs/Platform_Template_3.prefab
  artifactKey: Guid(2266b4095b899ca4190cb6d40bc85648) Importer(815301076,1909f56bfc062723c751e8b465ee728b)
Start importing Assets/Prefabs/Platform_Template_3.prefab using Guid(2266b4095b899ca4190cb6d40bc85648) Importer(815301076,1909f56bfc062723c751e8b465ee728b)  -> (artifact id: 'dafe7c41176f5e40e6018e9e4cc5013c') in 0.017990 seconds 
  Import took 0.022017 seconds .

========================================================================
Received Import Request.
  Time since last request: 20.626363 seconds.
  path: Assets/Prefabs/Platform_Template_4.prefab
  artifactKey: Guid(c31561402d1b52042a306c6d30df0be7) Importer(815301076,1909f56bfc062723c751e8b465ee728b)
Start importing Assets/Prefabs/Platform_Template_4.prefab using Guid(c31561402d1b52042a306c6d30df0be7) Importer(815301076,1909f56bfc062723c751e8b465ee728b)  -> (artifact id: '1237201adfb3d30e133f0ef85ca611eb') in 0.018601 seconds 
  Import took 0.023176 seconds .

========================================================================
Received Import Request.
  Time since last request: 36.245836 seconds.
  path: Assets/Prefabs/Platform_Template_3.prefab
  artifactKey: Guid(2266b4095b899ca4190cb6d40bc85648) Importer(815301076,1909f56bfc062723c751e8b465ee728b)
Start importing Assets/Prefabs/Platform_Template_3.prefab using Guid(2266b4095b899ca4190cb6d40bc85648) Importer(815301076,1909f56bfc062723c751e8b465ee728b)  -> (artifact id: '1969af280b70e30d804881b51ec70410') in 0.019325 seconds 
  Import took 0.023109 seconds .

========================================================================
Received Import Request.
  Time since last request: 5.027424 seconds.
  path: Assets/Prefabs/Platform_Template_5.prefab
  artifactKey: Guid(11f100735ba665a4082f8a1f1da2186c) Importer(815301076,1909f56bfc062723c751e8b465ee728b)
Start importing Assets/Prefabs/Platform_Template_5.prefab using Guid(11f100735ba665a4082f8a1f1da2186c) Importer(815301076,1909f56bfc062723c751e8b465ee728b)  -> (artifact id: '4d4e44ea727185f3259aa6fde93fa8d0') in 0.019364 seconds 
  Import took 0.023297 seconds .

========================================================================
Received Import Request.
  Time since last request: 0.948048 seconds.
  path: Assets/Prefabs/Platform_Template_6.prefab
  artifactKey: Guid(23588f7a865c68f428daaf4716cf96cd) Importer(815301076,1909f56bfc062723c751e8b465ee728b)
Start importing Assets/Prefabs/Platform_Template_6.prefab using Guid(23588f7a865c68f428daaf4716cf96cd) Importer(815301076,1909f56bfc062723c751e8b465ee728b)  -> (artifact id: '2e835e8c9007bd96cadde72363ac69f2') in 0.018631 seconds 
  Import took 0.022870 seconds .

========================================================================
Received Import Request.
  Time since last request: 1.141506 seconds.
  path: Assets/Prefabs/Platform_Template_7.prefab
  artifactKey: Guid(9be5533f31402274aacaa9558ab19663) Importer(815301076,1909f56bfc062723c751e8b465ee728b)
Start importing Assets/Prefabs/Platform_Template_7.prefab using Guid(9be5533f31402274aacaa9558ab19663) Importer(815301076,1909f56bfc062723c751e8b465ee728b)  -> (artifact id: 'bc303f41365bd398435328fc7c8fcf7e') in 0.019394 seconds 
  Import took 0.023632 seconds .

========================================================================
Received Import Request.
  Time since last request: 1.000049 seconds.
  path: Assets/Prefabs/Platform_Template_8.prefab
  artifactKey: Guid(21e76d79647893a4a800d6fd3ea172f9) Importer(815301076,1909f56bfc062723c751e8b465ee728b)
Start importing Assets/Prefabs/Platform_Template_8.prefab using Guid(21e76d79647893a4a800d6fd3ea172f9) Importer(815301076,1909f56bfc062723c751e8b465ee728b)  -> (artifact id: '85b065f1357a70d50a7a75db7f3c0da8') in 0.018416 seconds 
  Import took 0.022607 seconds .

========================================================================
Received Import Request.
  Time since last request: 1.273367 seconds.
  path: Assets/Prefabs/Platform_Template_9.prefab
  artifactKey: Guid(7882d71b214914b45b2cbb890aab0aaf) Importer(815301076,1909f56bfc062723c751e8b465ee728b)
Start importing Assets/Prefabs/Platform_Template_9.prefab using Guid(7882d71b214914b45b2cbb890aab0aaf) Importer(815301076,1909f56bfc062723c751e8b465ee728b)  -> (artifact id: '8f7685b180767e66dcbcf2351497754e') in 0.018811 seconds 
  Import took 0.022758 seconds .

========================================================================
Received Import Request.
  Time since last request: 12.793042 seconds.
  path: Assets/Prefabs/Platform_Template_10.prefab
  artifactKey: Guid(6c14a4a46b12fd944bf03a44843260ea) Importer(815301076,1909f56bfc062723c751e8b465ee728b)
Start importing Assets/Prefabs/Platform_Template_10.prefab using Guid(6c14a4a46b12fd944bf03a44843260ea) Importer(815301076,1909f56bfc062723c751e8b465ee728b)  -> (artifact id: 'd521e68391a8d6932756b622f087791f') in 0.018349 seconds 
  Import took 0.022250 seconds .

========================================================================
Received Import Request.
  Time since last request: 0.663149 seconds.
  path: Assets/Prefabs/sector.prefab
  artifactKey: Guid(f3e0d7b4a5b44d345b0915b8122de861) Importer(815301076,1909f56bfc062723c751e8b465ee728b)
Start importing Assets/Prefabs/sector.prefab using Guid(f3e0d7b4a5b44d345b0915b8122de861) Importer(815301076,1909f56bfc062723c751e8b465ee728b)  -> (artifact id: '6c4f2405ad63283769be604d5969f04c') in 0.016133 seconds 
  Import took 0.019589 seconds .

========================================================================
Received Import Request.
  Time since last request: 3.537489 seconds.
  path: Assets/Prefabs/Platform_Template_10 1.prefab
  artifactKey: Guid(03a620c49289b1a4eb9af9b6db6ad202) Importer(815301076,1909f56bfc062723c751e8b465ee728b)
Start importing Assets/Prefabs/Platform_Template_10 1.prefab using Guid(03a620c49289b1a4eb9af9b6db6ad202) Importer(815301076,1909f56bfc062723c751e8b465ee728b)  -> (artifact id: 'fa81a61b936baceb78660ea162eefbd8') in 0.020683 seconds 
  Import took 0.025023 seconds .

========================================================================
Received Import Request.
  Time since last request: 4.625388 seconds.
  path: Assets/Prefabs/Platform_Template_11.prefab
  artifactKey: Guid(03a620c49289b1a4eb9af9b6db6ad202) Importer(815301076,1909f56bfc062723c751e8b465ee728b)
Start importing Assets/Prefabs/Platform_Template_11.prefab using Guid(03a620c49289b1a4eb9af9b6db6ad202) Importer(815301076,1909f56bfc062723c751e8b465ee728b)  -> (artifact id: '8d4ab8466ec3460b8cfc42a06b46ccb9') in 0.018742 seconds 
  Import took 0.022877 seconds .

========================================================================
Received Import Request.
  Time since last request: 76.407826 seconds.
  path: Assets/Prefabs/Platform_Template_11.prefab
  artifactKey: Guid(03a620c49289b1a4eb9af9b6db6ad202) Importer(815301076,1909f56bfc062723c751e8b465ee728b)
Start importing Assets/Prefabs/Platform_Template_11.prefab using Guid(03a620c49289b1a4eb9af9b6db6ad202) Importer(815301076,1909f56bfc062723c751e8b465ee728b)  -> (artifact id: '5c1d2dc610597342e14d04c3d9bd7585') in 0.019339 seconds 
  Import took 0.023326 seconds .

========================================================================
Received Import Request.
  Time since last request: 2.154697 seconds.
  path: Assets/Prefabs/Platform_Template_11 1.prefab
  artifactKey: Guid(42d27403e4a64084db9e6ad6cc05fbd1) Importer(815301076,1909f56bfc062723c751e8b465ee728b)
Start importing Assets/Prefabs/Platform_Template_11 1.prefab using Guid(42d27403e4a64084db9e6ad6cc05fbd1) Importer(815301076,1909f56bfc062723c751e8b465ee728b)  -> (artifact id: '3f55cf3f5cbfaf84b34578c6f21e8207') in 0.019696 seconds 
  Import took 0.023887 seconds .

========================================================================
Received Import Request.
  Time since last request: 3.838563 seconds.
  path: Assets/Prefabs/Platform_Template_12.prefab
  artifactKey: Guid(42d27403e4a64084db9e6ad6cc05fbd1) Importer(815301076,1909f56bfc062723c751e8b465ee728b)
Start importing Assets/Prefabs/Platform_Template_12.prefab using Guid(42d27403e4a64084db9e6ad6cc05fbd1) Importer(815301076,1909f56bfc062723c751e8b465ee728b)  -> (artifact id: '1f2f554827271fceabb6318d844e7cff') in 0.019720 seconds 
  Import took 0.023539 seconds .

========================================================================
Received Import Request.
  Time since last request: 11.911041 seconds.
  path: Assets/Prefabs/Platform_Template_12.prefab
  artifactKey: Guid(42d27403e4a64084db9e6ad6cc05fbd1) Importer(815301076,1909f56bfc062723c751e8b465ee728b)
Start importing Assets/Prefabs/Platform_Template_12.prefab using Guid(42d27403e4a64084db9e6ad6cc05fbd1) Importer(815301076,1909f56bfc062723c751e8b465ee728b)  -> (artifact id: 'fd14fdf2b6248fc9d3fe314ef992a6c5') in 0.019511 seconds 
  Import took 0.023363 seconds .

========================================================================
Received Import Request.
  Time since last request: 1.431602 seconds.
  path: Assets/Prefabs/Platform_Template_12 1.prefab
  artifactKey: Guid(52b9ca0b05bc47540abfa181e9d30e66) Importer(815301076,1909f56bfc062723c751e8b465ee728b)
Start importing Assets/Prefabs/Platform_Template_12 1.prefab using Guid(52b9ca0b05bc47540abfa181e9d30e66) Importer(815301076,1909f56bfc062723c751e8b465ee728b)  -> (artifact id: 'ab234be719ff34aead3cd48fbce89006') in 0.019799 seconds 
  Import took 0.023707 seconds .

========================================================================
Received Import Request.
  Time since last request: 5.570790 seconds.
  path: Assets/Prefabs/Platform_Template_13.prefab
  artifactKey: Guid(52b9ca0b05bc47540abfa181e9d30e66) Importer(815301076,1909f56bfc062723c751e8b465ee728b)
Start importing Assets/Prefabs/Platform_Template_13.prefab using Guid(52b9ca0b05bc47540abfa181e9d30e66) Importer(815301076,1909f56bfc062723c751e8b465ee728b)  -> (artifact id: '502fa8c96b7f3d7a3972257aad6ad592') in 0.019154 seconds 
  Import took 0.023203 seconds .

========================================================================
Received Import Request.
  Time since last request: 33.874036 seconds.
  path: Assets/Prefabs/Platform_Template_13 1.prefab
  artifactKey: Guid(0b874bb88515a8546b7786ab2df3633d) Importer(815301076,1909f56bfc062723c751e8b465ee728b)
Start importing Assets/Prefabs/Platform_Template_13 1.prefab using Guid(0b874bb88515a8546b7786ab2df3633d) Importer(815301076,1909f56bfc062723c751e8b465ee728b)  -> (artifact id: '3533abe01299f2d28da6c840a8210788') in 0.020207 seconds 
  Import took 0.024203 seconds .

========================================================================
Received Import Request.
  Time since last request: 0.754973 seconds.
  path: Assets/Prefabs/Platform_Template_13.prefab
  artifactKey: Guid(52b9ca0b05bc47540abfa181e9d30e66) Importer(815301076,1909f56bfc062723c751e8b465ee728b)
Start importing Assets/Prefabs/Platform_Template_13.prefab using Guid(52b9ca0b05bc47540abfa181e9d30e66) Importer(815301076,1909f56bfc062723c751e8b465ee728b)  -> (artifact id: 'df7857fe596a1a414779788c091d15d8') in 0.019144 seconds 
  Import took 0.023090 seconds .

========================================================================
Received Import Request.
  Time since last request: 4.229365 seconds.
  path: Assets/Prefabs/Platform_Template_14.prefab
  artifactKey: Guid(0b874bb88515a8546b7786ab2df3633d) Importer(815301076,1909f56bfc062723c751e8b465ee728b)
Start importing Assets/Prefabs/Platform_Template_14.prefab using Guid(0b874bb88515a8546b7786ab2df3633d) Importer(815301076,1909f56bfc062723c751e8b465ee728b)  -> (artifact id: '9f536d09530771793e8b91337a8c1217') in 0.019519 seconds 
  Import took 0.023476 seconds .

========================================================================
Received Import Request.
  Time since last request: 10.123009 seconds.
  path: Assets/Prefabs/Platform_Template_12.prefab
  artifactKey: Guid(42d27403e4a64084db9e6ad6cc05fbd1) Importer(815301076,1909f56bfc062723c751e8b465ee728b)
Start importing Assets/Prefabs/Platform_Template_12.prefab using Guid(42d27403e4a64084db9e6ad6cc05fbd1) Importer(815301076,1909f56bfc062723c751e8b465ee728b)  -> (artifact id: '9ff51179a60cc6ec9dccc5356ef4c8d3') in 0.019734 seconds 
  Import took 0.023866 seconds .

========================================================================
Received Import Request.
  Time since last request: 29.384195 seconds.
  path: Assets/Prefabs/Platform_Template_14.prefab
  artifactKey: Guid(0b874bb88515a8546b7786ab2df3633d) Importer(815301076,1909f56bfc062723c751e8b465ee728b)
Start importing Assets/Prefabs/Platform_Template_14.prefab using Guid(0b874bb88515a8546b7786ab2df3633d) Importer(815301076,1909f56bfc062723c751e8b465ee728b)  -> (artifact id: 'b90b33ae1000666d5ad666136e0e2c48') in 0.018942 seconds 
  Import took 0.022844 seconds .

========================================================================
Received Import Request.
  Time since last request: 1.118563 seconds.
  path: Assets/Prefabs/Platform_Template_14 1.prefab
  artifactKey: Guid(6b69ecc8d4b4cb14ab80d94b4c897198) Importer(815301076,1909f56bfc062723c751e8b465ee728b)
Start importing Assets/Prefabs/Platform_Template_14 1.prefab using Guid(6b69ecc8d4b4cb14ab80d94b4c897198) Importer(815301076,1909f56bfc062723c751e8b465ee728b)  -> (artifact id: '7eed6925886ace49346b335921a1a565') in 0.020287 seconds 
  Import took 0.024311 seconds .

========================================================================
Received Import Request.
  Time since last request: 5.990327 seconds.
  path: Assets/Prefabs/Platform_Template_15.prefab
  artifactKey: Guid(6b69ecc8d4b4cb14ab80d94b4c897198) Importer(815301076,1909f56bfc062723c751e8b465ee728b)
Start importing Assets/Prefabs/Platform_Template_15.prefab using Guid(6b69ecc8d4b4cb14ab80d94b4c897198) Importer(815301076,1909f56bfc062723c751e8b465ee728b)  -> (artifact id: '0c4b2badd2d4edf4f4b0e6c8d3e9d7af') in 0.018953 seconds 
  Import took 0.022840 seconds .

========================================================================
Received Import Request.
  Time since last request: 15.854688 seconds.
  path: Assets/Prefabs/Platform_Template_15.prefab
  artifactKey: Guid(6b69ecc8d4b4cb14ab80d94b4c897198) Importer(815301076,1909f56bfc062723c751e8b465ee728b)
Start importing Assets/Prefabs/Platform_Template_15.prefab using Guid(6b69ecc8d4b4cb14ab80d94b4c897198) Importer(815301076,1909f56bfc062723c751e8b465ee728b)  -> (artifact id: '30d3c2ebb5cdfc682c8092041b66c33a') in 0.020847 seconds 
  Import took 0.024687 seconds .

========================================================================
Received Import Request.
  Time since last request: 1.854575 seconds.
  path: Assets/Prefabs/Platform_Template_15 1.prefab
  artifactKey: Guid(d1bcaeaf1887b9443947afa0913a2c13) Importer(815301076,1909f56bfc062723c751e8b465ee728b)
Start importing Assets/Prefabs/Platform_Template_15 1.prefab using Guid(d1bcaeaf1887b9443947afa0913a2c13) Importer(815301076,1909f56bfc062723c751e8b465ee728b)  -> (artifact id: '08a5c020ec56ac09f9d9852a71caddb8') in 0.019831 seconds 
  Import took 0.023926 seconds .

========================================================================
Received Import Request.
  Time since last request: 3.804427 seconds.
  path: Assets/Prefabs/Platform_Template_16.prefab
  artifactKey: Guid(d1bcaeaf1887b9443947afa0913a2c13) Importer(815301076,1909f56bfc062723c751e8b465ee728b)
Start importing Assets/Prefabs/Platform_Template_16.prefab using Guid(d1bcaeaf1887b9443947afa0913a2c13) Importer(815301076,1909f56bfc062723c751e8b465ee728b)  -> (artifact id: 'b10f6faa15b532946d73472c124cd826') in 0.019254 seconds 
  Import took 0.023050 seconds .

========================================================================
Received Import Request.
  Time since last request: 264.635793 seconds.
  path: Assets/Scenes/SampleScene
  artifactKey: Guid(d39146e80ddb0c74cae93eaf8350ba65) Importer(815301076,1909f56bfc062723c751e8b465ee728b)
Start importing Assets/Scenes/SampleScene using Guid(d39146e80ddb0c74cae93eaf8350ba65) Importer(815301076,1909f56bfc062723c751e8b465ee728b)  -> (artifact id: 'b2fbc1c79ed365d54cfd40dd9c2b37ae') in 0.004587 seconds 
  Import took 0.008851 seconds .

========================================================================
Received Import Request.
  Time since last request: 0.007478 seconds.
  path: Assets/Prefabs/Platform_Template_10.prefab
  artifactKey: Guid(6c14a4a46b12fd944bf03a44843260ea) Importer(815301076,1909f56bfc062723c751e8b465ee728b)
Start importing Assets/Prefabs/Platform_Template_10.prefab using Guid(6c14a4a46b12fd944bf03a44843260ea) Importer(815301076,1909f56bfc062723c751e8b465ee728b)  -> (artifact id: 'deaa5fdc8aa824f2c853833ba7c95fdc') in 0.019912 seconds 
  Import took 0.024230 seconds .

========================================================================
Received Import Request.
  Time since last request: 0.008793 seconds.
  path: Assets/Materials/No Friction.physicMaterial
  artifactKey: Guid(ce2942edda917af4d9b92cd8d9ac95da) Importer(815301076,1909f56bfc062723c751e8b465ee728b)
Start importing Assets/Materials/No Friction.physicMaterial using Guid(ce2942edda917af4d9b92cd8d9ac95da) Importer(815301076,1909f56bfc062723c751e8b465ee728b)  -> (artifact id: 'dd226c48d732083e896fab60f9ff1cca') in 0.007968 seconds 
  Import took 0.011409 seconds .

========================================================================
Received Import Request.
  Time since last request: 0.023599 seconds.
  path: Assets/Scenes/SampleScene/ReflectionProbe-0.exr
  artifactKey: Guid(bc4b564f081263a4193133d5276ebeed) Importer(815301076,1909f56bfc062723c751e8b465ee728b)
Start importing Assets/Scenes/SampleScene/ReflectionProbe-0.exr using Guid(bc4b564f081263a4193133d5276ebeed) Importer(815301076,1909f56bfc062723c751e8b465ee728b)  -> (artifact id: '26e1d8f1a16a5ccaa746a132de48a3a1') in 0.093491 seconds 
  Import took 0.096874 seconds .

========================================================================
Received Import Request.
  Time since last request: 0.007178 seconds.
  path: Assets/Prefabs
  artifactKey: Guid(0696ed628a142114ab3c5c1d0b9007d1) Importer(815301076,1909f56bfc062723c751e8b465ee728b)
Start importing Assets/Prefabs using Guid(0696ed628a142114ab3c5c1d0b9007d1) Importer(815301076,1909f56bfc062723c751e8b465ee728b)  -> (artifact id: 'a4a9bac9a47b468326740b15a2559b63') in 0.004886 seconds 
  Import took 0.007819 seconds .

========================================================================
Received Import Request.
  Time since last request: 0.006630 seconds.
  path: Assets/Scripts/Sector.cs
  artifactKey: Guid(73488b1c5f2f96b468eec569f881f556) Importer(815301076,1909f56bfc062723c751e8b465ee728b)
Start importing Assets/Scripts/Sector.cs using Guid(73488b1c5f2f96b468eec569f881f556) Importer(815301076,1909f56bfc062723c751e8b465ee728b)  -> (artifact id: 'e7c47a8b00e1c776d13c496f675fb1ef') in 0.004117 seconds 
  Import took 0.006803 seconds .

========================================================================
Received Import Request.
  Time since last request: 0.006417 seconds.
  path: Assets/Scenes/SampleScene/LightingData.asset
  artifactKey: Guid(e1c9aacc3b08a954b9d4b82d1cfeeef4) Importer(815301076,1909f56bfc062723c751e8b465ee728b)
Start importing Assets/Scenes/SampleScene/LightingData.asset using Guid(e1c9aacc3b08a954b9d4b82d1cfeeef4) Importer(815301076,1909f56bfc062723c751e8b465ee728b)  -> (artifact id: '85d5b82bbc60aa2f473977123e1844b0') in 0.007405 seconds 
  Import took 0.010170 seconds .

========================================================================
Received Import Request.
  Time since last request: 0.022010 seconds.
  path: Assets/Scenes/HelixClone.unity
  artifactKey: Guid(9fc0d4010bbf28b4594072e72b8655ab) Importer(815301076,1909f56bfc062723c751e8b465ee728b)
Start importing Assets/Scenes/HelixClone.unity using Guid(9fc0d4010bbf28b4594072e72b8655ab) Importer(815301076,1909f56bfc062723c751e8b465ee728b)  -> (artifact id: '43affc3e8a05b70e17c83410aa3335f3') in 0.004585 seconds 
  Import took 0.007556 seconds .

========================================================================
Received Import Request.
  Time since last request: 0.012782 seconds.
  path: Assets/Scripts/GameState.cs
  artifactKey: Guid(ece61c21c7ec80845aa901ad141b4d01) Importer(815301076,1909f56bfc062723c751e8b465ee728b)
Start importing Assets/Scripts/GameState.cs using Guid(ece61c21c7ec80845aa901ad141b4d01) Importer(815301076,1909f56bfc062723c751e8b465ee728b)  -> (artifact id: 'e07d695967b5b9d977daab0eb3c624c8') in 0.003931 seconds 
  Import took 0.006864 seconds .

========================================================================
Received Import Request.
  Time since last request: 0.014311 seconds.
  path: Assets/Prefabs/Platform_Template_16.prefab
  artifactKey: Guid(d1bcaeaf1887b9443947afa0913a2c13) Importer(815301076,1909f56bfc062723c751e8b465ee728b)
Start importing Assets/Prefabs/Platform_Template_16.prefab using Guid(d1bcaeaf1887b9443947afa0913a2c13) Importer(815301076,1909f56bfc062723c751e8b465ee728b)  -> (artifact id: '34e48248051b58c7123190bea8dab87d') in 0.019673 seconds 
  Import took 0.023207 seconds .

========================================================================
Received Import Request.
  Time since last request: 0.027172 seconds.
  path: Assets/Scripts/Platform.cs
  artifactKey: Guid(06f8d44db1a366b44a531e53bf4d1026) Importer(815301076,1909f56bfc062723c751e8b465ee728b)
Start importing Assets/Scripts/Platform.cs using Guid(06f8d44db1a366b44a531e53bf4d1026) Importer(815301076,1909f56bfc062723c751e8b465ee728b)  -> (artifact id: 'd2e7c6037948eb2d087c9cfddc0ca364') in 0.003773 seconds 
  Import took 0.006757 seconds .

========================================================================
Received Import Request.
  Time since last request: 0.020914 seconds.
  path: Assets/Materials/Player.mat
  artifactKey: Guid(178c05bc4818c02499b46266782ee739) Importer(815301076,1909f56bfc062723c751e8b465ee728b)
Start importing Assets/Materials/Player.mat using Guid(178c05bc4818c02499b46266782ee739) Importer(815301076,1909f56bfc062723c751e8b465ee728b)  -> (artifact id: '8f13b103f25ac4da06216dba0fb115c9') in 0.092489 seconds 
  Import took 0.096360 seconds .

========================================================================
Received Import Request.
  Time since last request: 0.042384 seconds.
  path: Assets/Prefabs/sector_helix_jump.fbx
  artifactKey: Guid(0c2b2015c935983419e5d4d38f415819) Importer(815301076,1909f56bfc062723c751e8b465ee728b)
Start importing Assets/Prefabs/sector_helix_jump.fbx using Guid(0c2b2015c935983419e5d4d38f415819) Importer(815301076,1909f56bfc062723c751e8b465ee728b)  -> (artifact id: 'fb307e11ef64c9a63da7a98a89a83871') in 0.169416 seconds 
  Import took 0.173703 seconds .

========================================================================
Received Import Request.
  Time since last request: 0.009589 seconds.
  path: Assets/Materials/Platform_Finish.mat
  artifactKey: Guid(f23d8fba5f7f6ef4fb2d37353c5dafb1) Importer(815301076,1909f56bfc062723c751e8b465ee728b)
Start importing Assets/Materials/Platform_Finish.mat using Guid(f23d8fba5f7f6ef4fb2d37353c5dafb1) Importer(815301076,1909f56bfc062723c751e8b465ee728b)  -> (artifact id: 'db837ff31cacebc7d3a011ef5e192604') in 0.015588 seconds 
  Import took 0.018925 seconds .

========================================================================
Received Import Request.
  Time since last request: 0.036296 seconds.
  path: Assets/Scripts/Player.cs
  artifactKey: Guid(530617587208e2d49858aad837b128d6) Importer(815301076,1909f56bfc062723c751e8b465ee728b)
Start importing Assets/Scripts/Player.cs using Guid(530617587208e2d49858aad837b128d6) Importer(815301076,1909f56bfc062723c751e8b465ee728b)  -> (artifact id: '2b4e23bd15a7d0b9c9a58d8b88258eda') in 0.003801 seconds 
  Import took 0.006801 seconds .

========================================================================
Received Import Request.
  Time since last request: 0.020319 seconds.
  path: Assets/Materials/Sector_Bad.mat
  artifactKey: Guid(1ba022a29396b3c4da622529c488901a) Importer(815301076,1909f56bfc062723c751e8b465ee728b)
Start importing Assets/Materials/Sector_Bad.mat using Guid(1ba022a29396b3c4da622529c488901a) Importer(815301076,1909f56bfc062723c751e8b465ee728b)  -> (artifact id: '96a3fcaec9efaac21a10f21092dec2b7') in 0.014601 seconds 
  Import took 0.017955 seconds .

========================================================================
Received Import Request.
  Time since last request: 0.008295 seconds.
  path: Assets/Materials/Rod.mat
  artifactKey: Guid(f9366df8f813c5f44b46cea4ea6b8658) Importer(815301076,1909f56bfc062723c751e8b465ee728b)
Start importing Assets/Materials/Rod.mat using Guid(f9366df8f813c5f44b46cea4ea6b8658) Importer(815301076,1909f56bfc062723c751e8b465ee728b)  -> (artifact id: '6f3157142dc2b291fc8c9b8594f93a90') in 0.014281 seconds 
  Import took 0.017365 seconds .

========================================================================
Received Import Request.
  Time since last request: 0.007207 seconds.
  path: Assets/Materials
  artifactKey: Guid(a9d9bbe2c9229e64cbe53270c91dd378) Importer(815301076,1909f56bfc062723c751e8b465ee728b)
Start importing Assets/Materials using Guid(a9d9bbe2c9229e64cbe53270c91dd378) Importer(815301076,1909f56bfc062723c751e8b465ee728b)  -> (artifact id: '29c027fafeab475c2f68bf87a18b7b85') in 0.004292 seconds 
  Import took 0.007165 seconds .

========================================================================
Received Import Request.
  Time since last request: 0.029217 seconds.
  path: Assets/Materials/Sector_Good.mat
  artifactKey: Guid(e156aaab6a7928649944f1e4b428f0d9) Importer(815301076,1909f56bfc062723c751e8b465ee728b)
Start importing Assets/Materials/Sector_Good.mat using Guid(e156aaab6a7928649944f1e4b428f0d9) Importer(815301076,1909f56bfc062723c751e8b465ee728b)  -> (artifact id: '0d30670d31111d17881e5edff804f802') in 0.015020 seconds 
  Import took 0.018238 seconds .

========================================================================
Received Import Request.
  Time since last request: 0.008550 seconds.
  path: Assets/Prefabs/StartPlatform.prefab
  artifactKey: Guid(e1e664eb46dce0b48b722ad87c0158aa) Importer(815301076,1909f56bfc062723c751e8b465ee728b)
Start importing Assets/Prefabs/StartPlatform.prefab using Guid(e1e664eb46dce0b48b722ad87c0158aa) Importer(815301076,1909f56bfc062723c751e8b465ee728b)  -> (artifact id: '43262af438c5e9bffcd2a76789f2360f') in 0.015341 seconds 
  Import took 0.018586 seconds .

========================================================================
Received Import Request.
  Time since last request: 0.021752 seconds.
  path: Assets/Scripts/LevelGenerator.cs
  artifactKey: Guid(d883f2a583bad6e4b840dd0eec5d0856) Importer(815301076,1909f56bfc062723c751e8b465ee728b)
Start importing Assets/Scripts/LevelGenerator.cs using Guid(d883f2a583bad6e4b840dd0eec5d0856) Importer(815301076,1909f56bfc062723c751e8b465ee728b)  -> (artifact id: '747657aecc01d6c0eb0cd436db4ae981') in 0.004216 seconds 
  Import took 0.007315 seconds .

AssetImportWorkerClient::OnTransportError - code=2 error=End of file
