Using pre-set license
Built from '2020.3/staging' branch; Version is '2020.3.21f1 (a38c86f6690f) revision 10718342'; Using compiler version '192528614'; Build Type 'Release'
OS: 'Windows 10 Pro; OS build 19044.1415; Version 2009; 64bit' Language: 'ru' Physical Memory: 16283 MB
BatchMode: 1, IsHumanControllingUs: 0, StartBugReporterOnCrash: 0, Is64bit: 1, IsPro: 0

COMMAND LINE ARGUMENTS:
C:\Program Files\Unity\Hub\Editor\2020.3.21f1\Editor\Unity.exe
-adb2
-batchMode
-noUpm
-name
AssetImportWorker0
-projectPath
D:/NTI_Learning_CSharp_Unity/Begin_Work_With_Unity/Homework1_6
-logFile
Logs/AssetImportWorker0.log
-srvPort
54520
Successfully changed project path to: D:/NTI_Learning_CSharp_Unity/Begin_Work_With_Unity/Homework1_6
D:/NTI_Learning_CSharp_Unity/Begin_Work_With_Unity/Homework1_6
Using Asset Import Pipeline V2.
Refreshing native plugins compatible for Editor in 55.85 ms, found 2 plugins.
Preloading 0 native plugins for Editor in 0.00 ms.
Initialize engine version: 2020.3.21f1 (a38c86f6690f)
[Subsystems] Discovering subsystems at path C:/Program Files/Unity/Hub/Editor/2020.3.21f1/Editor/Data/Resources/UnitySubsystems
[Subsystems] Discovering subsystems at path D:/NTI_Learning_CSharp_Unity/Begin_Work_With_Unity/Homework1_6/Assets
GfxDevice: creating device client; threaded=0
Direct3D:
    Version:  Direct3D 11.0 [level 11.1]
    Renderer: Radeon RX 580 Series (ID=0x67df)
    Vendor:   
    VRAM:     4075 MB
    Driver:   27.20.1034.6
Initialize mono
Mono path[0] = 'C:/Program Files/Unity/Hub/Editor/2020.3.21f1/Editor/Data/Managed'
Mono path[1] = 'C:/Program Files/Unity/Hub/Editor/2020.3.21f1/Editor/Data/MonoBleedingEdge/lib/mono/unityjit'
Mono config path = 'C:/Program Files/Unity/Hub/Editor/2020.3.21f1/Editor/Data/MonoBleedingEdge/etc'
Using monoOptions --debugger-agent=transport=dt_socket,embedding=1,server=y,suspend=n,address=127.0.0.1:56820
Begin MonoManager ReloadAssembly
Registering precompiled unity dll's ...
Register platform support module: C:/Program Files/Unity/Hub/Editor/2020.3.21f1/Editor/Data/PlaybackEngines/WebGLSupport/UnityEditor.WebGL.Extensions.dll
Register platform support module: C:/Program Files/Unity/Hub/Editor/2020.3.21f1/Editor/Data/PlaybackEngines/WindowsStandaloneSupport/UnityEditor.WindowsStandalone.Extensions.dll
Registered in 0.005597 seconds.
Native extension for WindowsStandalone target not found
Native extension for WebGL target not found
Refreshing native plugins compatible for Editor in 50.95 ms, found 2 plugins.
Preloading 0 native plugins for Editor in 0.00 ms.
Mono: successfully reloaded assembly
- Completed reload, in  2.442 seconds
Domain Reload Profiling:
	ReloadAssembly (2442ms)
		BeginReloadAssembly (133ms)
			ExecutionOrderSort (0ms)
			DisableScriptedObjects (0ms)
			BackupInstance (0ms)
			ReleaseScriptingObjects (0ms)
			CreateAndSetChildDomain (1ms)
		EndReloadAssembly (769ms)
			LoadAssemblies (129ms)
			RebuildTransferFunctionScriptingTraits (0ms)
			SetupTypeCache (279ms)
			ReleaseScriptCaches (0ms)
			RebuildScriptCaches (63ms)
			SetupLoadedEditorAssemblies (266ms)
				LogAssemblyErrors (0ms)
				InitializePlatformSupportModulesInManaged (8ms)
				SetLoadedEditorAssemblies (0ms)
				RefreshPlugins (51ms)
				BeforeProcessingInitializeOnLoad (26ms)
				ProcessInitializeOnLoadAttributes (133ms)
				ProcessInitializeOnLoadMethodAttributes (46ms)
				AfterProcessingInitializeOnLoad (0ms)
				EditorAssembliesLoaded (0ms)
			ExecutionOrderSort2 (0ms)
			AwakeInstancesAfterBackupRestoration (0ms)
Platform modules already initialized, skipping
Registering precompiled user dll's ...
Registered in 0.007412 seconds.
Begin MonoManager ReloadAssembly
Native extension for WindowsStandalone target not found
Native extension for WebGL target not found
Refreshing native plugins compatible for Editor in 0.55 ms, found 2 plugins.
Preloading 0 native plugins for Editor in 0.00 ms.
Mono: successfully reloaded assembly
- Completed reload, in  1.911 seconds
Domain Reload Profiling:
	ReloadAssembly (1913ms)
		BeginReloadAssembly (280ms)
			ExecutionOrderSort (0ms)
			DisableScriptedObjects (8ms)
			BackupInstance (0ms)
			ReleaseScriptingObjects (0ms)
			CreateAndSetChildDomain (31ms)
		EndReloadAssembly (1514ms)
			LoadAssemblies (183ms)
			RebuildTransferFunctionScriptingTraits (0ms)
			SetupTypeCache (511ms)
			ReleaseScriptCaches (1ms)
			RebuildScriptCaches (87ms)
			SetupLoadedEditorAssemblies (604ms)
				LogAssemblyErrors (0ms)
				InitializePlatformSupportModulesInManaged (11ms)
				SetLoadedEditorAssemblies (1ms)
				RefreshPlugins (1ms)
				BeforeProcessingInitializeOnLoad (145ms)
				ProcessInitializeOnLoadAttributes (412ms)
				ProcessInitializeOnLoadMethodAttributes (17ms)
				AfterProcessingInitializeOnLoad (17ms)
				EditorAssembliesLoaded (0ms)
			ExecutionOrderSort2 (0ms)
			AwakeInstancesAfterBackupRestoration (12ms)
Platform modules already initialized, skipping
========================================================================
Worker process is ready to serve import requests
Launched and connected shader compiler UnityShaderCompiler.exe after 0.06 seconds
Refreshing native plugins compatible for Editor in 0.51 ms, found 2 plugins.
Preloading 0 native plugins for Editor in 0.00 ms.
Unloading 1495 Unused Serialized files (Serialized files now loaded: 0)
System memory in use before: 67.4 MB.
System memory in use after: 67.4 MB.

Unloading 19 unused Assets to reduce memory usage. Loaded Objects now: 1928.
Total: 4.061600 ms (FindLiveObjects: 0.292300 ms CreateObjectMapping: 0.081100 ms MarkObjects: 3.584300 ms  DeleteObjects: 0.102600 ms)

AssetImportParameters requested are different than current active one (requested -> active):
  custom:framework-win-MediaFoundation: 216162199b28c13a410421893ffa2e32 -> 
  custom:video-decoder-ogg-theora: a1e56fd34408186e4bbccfd4996cb3dc -> 
  custom:container-muxer-webm: aa71ff27fc2769a1b78a27578f13a17b -> 
  custom:container-demuxer-webm: 4f35f7cbe854078d1ac9338744f61a02 -> 
  custom:container-demuxer-ogg: 62fdf1f143b41e24485cea50d1cbac27 -> 
  custom:video-encoder-webm-vp8: eb34c28f22e8b96e1ab97ce403110664 -> 
  custom:video-decoder-webm-vp8: 9c59270c3fd7afecdb556c50c9e8de78 -> 
  custom:audio-decoder-ogg-vorbis: bf7c407c2cedff20999df2af8eb42d56 -> 
  custom:audio-encoder-webm-vorbis: bf7c407c2cedff20999df2af8eb42d56 -> 
========================================================================
Received Import Request.
  path: Assets/Scenes/Task_1.6.2.unity
  artifactKey: Guid(0dd1c8d9a654a7549b3a8addcbb972f6) Importer(815301076,1909f56bfc062723c751e8b465ee728b)
Start importing Assets/Scenes/Task_1.6.2.unity using Guid(0dd1c8d9a654a7549b3a8addcbb972f6) Importer(815301076,1909f56bfc062723c751e8b465ee728b)  -> (artifact id: 'a539a674a854481c5d3827ff24e31458') in 0.019803 seconds 
  Import took 0.023040 seconds .

========================================================================
Received Import Request.
  Time since last request: 0.011393 seconds.
  path: Assets/Material/Black.mat
  artifactKey: Guid(c33cc4c949198434badf94fb93f3e9ed) Importer(815301076,1909f56bfc062723c751e8b465ee728b)
Start importing Assets/Material/Black.mat using Guid(c33cc4c949198434badf94fb93f3e9ed) Importer(815301076,1909f56bfc062723c751e8b465ee728b)  -> (artifact id: 'b1e2d95b6f63643ea9e44794e0201c57') in 0.213040 seconds 
  Import took 0.216357 seconds .

========================================================================
Received Import Request.
  Time since last request: 0.027976 seconds.
  path: Assets/Scripts/Task_1.6.4
  artifactKey: Guid(5e50a536f34de9540adb76ba3bc8e7f0) Importer(815301076,1909f56bfc062723c751e8b465ee728b)
Start importing Assets/Scripts/Task_1.6.4 using Guid(5e50a536f34de9540adb76ba3bc8e7f0) Importer(815301076,1909f56bfc062723c751e8b465ee728b)  -> (artifact id: '063d89315fae4f5073a59d71e1872883') in 0.003871 seconds 
  Import took 0.006983 seconds .

========================================================================
Received Import Request.
  Time since last request: 0.024560 seconds.
  path: Assets/Scripts/Task_1.6.3
  artifactKey: Guid(93efc788d4e31344288f3f856409cf3f) Importer(815301076,1909f56bfc062723c751e8b465ee728b)
Start importing Assets/Scripts/Task_1.6.3 using Guid(93efc788d4e31344288f3f856409cf3f) Importer(815301076,1909f56bfc062723c751e8b465ee728b)  -> (artifact id: '04054b4fa27691be00f7f658f086eb2c') in 0.003944 seconds 
  Import took 0.007219 seconds .

========================================================================
Received Import Request.
  Time since last request: 187.038197 seconds.
  path: Packages/com.unity.ugui/Runtime
  artifactKey: Guid(aa14b70e6a58c5b4fa6663623e3dca91) Importer(815301076,1909f56bfc062723c751e8b465ee728b)
Start importing Packages/com.unity.ugui/Runtime using Guid(aa14b70e6a58c5b4fa6663623e3dca91) Importer(815301076,1909f56bfc062723c751e8b465ee728b)  -> (artifact id: '6326547026dbd3d85a755c1aa69a5ad8') in 0.004655 seconds 
  Import took 0.008267 seconds .

========================================================================
Received Import Request.
  Time since last request: 4.495561 seconds.
  path: Packages/com.unity.ugui/Runtime/UI
  artifactKey: Guid(742654cad2425334696ba6ed4495cfef) Importer(815301076,1909f56bfc062723c751e8b465ee728b)
Start importing Packages/com.unity.ugui/Runtime/UI using Guid(742654cad2425334696ba6ed4495cfef) Importer(815301076,1909f56bfc062723c751e8b465ee728b)  -> (artifact id: '530159546596f315293d8cac2d408c9e') in 0.004764 seconds 
  Import took 0.008291 seconds .

========================================================================
Received Import Request.
  Time since last request: 0.795091 seconds.
  path: Packages/com.unity.ugui/Runtime/UI/Core
  artifactKey: Guid(12c42068351bb084abde965d725b9887) Importer(815301076,1909f56bfc062723c751e8b465ee728b)
Start importing Packages/com.unity.ugui/Runtime/UI/Core using Guid(12c42068351bb084abde965d725b9887) Importer(815301076,1909f56bfc062723c751e8b465ee728b)  -> (artifact id: 'b731c20ed555890b2fb7bd908a63d530') in 0.004609 seconds 
  Import took 0.008078 seconds .

========================================================================
Received Import Request.
  Time since last request: 2.913207 seconds.
  path: Packages/com.unity.ugui/Runtime/UI/Core/Button.cs
  artifactKey: Guid(4e29b1a8efbd4b44bb3f3716e73f07ff) Importer(815301076,1909f56bfc062723c751e8b465ee728b)
Start importing Packages/com.unity.ugui/Runtime/UI/Core/Button.cs using Guid(4e29b1a8efbd4b44bb3f3716e73f07ff) Importer(815301076,1909f56bfc062723c751e8b465ee728b)  -> (artifact id: '4c685ef98a76a09421e22114d0069558') in 0.010250 seconds 
  Import took 0.013741 seconds .

========================================================================
Received Import Request.
  Time since last request: 22.962643 seconds.
  path: Packages/com.unity.ugui/Runtime/UI/Core/CanvasUpdateRegistry.cs
  artifactKey: Guid(bfb788a43e03363419155b8af77da971) Importer(815301076,1909f56bfc062723c751e8b465ee728b)
Start importing Packages/com.unity.ugui/Runtime/UI/Core/CanvasUpdateRegistry.cs using Guid(bfb788a43e03363419155b8af77da971) Importer(815301076,1909f56bfc062723c751e8b465ee728b)  -> (artifact id: 'd45620053752b621ac95d7f17b9c3cd9') in 0.004731 seconds 
  Import took 0.008146 seconds .

========================================================================
Received Import Request.
  Time since last request: 0.829753 seconds.
  path: Packages/com.unity.ugui/Runtime/UI/Core/ColorBlock.cs
  artifactKey: Guid(83088ba2132cbc940b7ca0c679a02b0d) Importer(815301076,1909f56bfc062723c751e8b465ee728b)
Start importing Packages/com.unity.ugui/Runtime/UI/Core/ColorBlock.cs using Guid(83088ba2132cbc940b7ca0c679a02b0d) Importer(815301076,1909f56bfc062723c751e8b465ee728b)  -> (artifact id: '6a1e2e5e0e2467888d4d11875eaeffc6') in 0.004890 seconds 
  Import took 0.008252 seconds .

========================================================================
Received Import Request.
  Time since last request: 0.995335 seconds.
  path: Packages/com.unity.ugui/Runtime/UI/Core/DefaultControls.cs
  artifactKey: Guid(bf87e20fb5440ec498f441167b5291f8) Importer(815301076,1909f56bfc062723c751e8b465ee728b)
Start importing Packages/com.unity.ugui/Runtime/UI/Core/DefaultControls.cs using Guid(bf87e20fb5440ec498f441167b5291f8) Importer(815301076,1909f56bfc062723c751e8b465ee728b)  -> (artifact id: '90323dda9f58c4caa8d42330cfd46a6b') in 0.004493 seconds 
  Import took 0.007885 seconds .

========================================================================
Received Import Request.
  Time since last request: 0.774031 seconds.
  path: Packages/com.unity.ugui/Runtime/UI/Core/Culling
  artifactKey: Guid(27ed3e221887b3544bd9d6505d4a789f) Importer(815301076,1909f56bfc062723c751e8b465ee728b)
Start importing Packages/com.unity.ugui/Runtime/UI/Core/Culling using Guid(27ed3e221887b3544bd9d6505d4a789f) Importer(815301076,1909f56bfc062723c751e8b465ee728b)  -> (artifact id: 'e8ba7ca69ebfc3213dacbe0ab6398b9e') in 0.004608 seconds 
  Import took 0.008004 seconds .

========================================================================
Received Import Request.
  Time since last request: 1.912900 seconds.
  path: Packages/com.unity.ugui/Runtime/UI/Core/FontData.cs
  artifactKey: Guid(13cd966480ec3354bb318ee1aeccff6f) Importer(815301076,1909f56bfc062723c751e8b465ee728b)
Start importing Packages/com.unity.ugui/Runtime/UI/Core/FontData.cs using Guid(13cd966480ec3354bb318ee1aeccff6f) Importer(815301076,1909f56bfc062723c751e8b465ee728b)  -> (artifact id: '876744071dc5bc58a8e3fe7960f4d9d0') in 0.004971 seconds 
  Import took 0.008245 seconds .

========================================================================
Received Import Request.
  Time since last request: 4.033867 seconds.
  path: Packages/com.unity.ugui/Runtime/UI/Core/GraphicRaycaster.cs
  artifactKey: Guid(dc42784cf147c0c48a680349fa168899) Importer(815301076,1909f56bfc062723c751e8b465ee728b)
Start importing Packages/com.unity.ugui/Runtime/UI/Core/GraphicRaycaster.cs using Guid(dc42784cf147c0c48a680349fa168899) Importer(815301076,1909f56bfc062723c751e8b465ee728b)  -> (artifact id: 'b4b6910883720b7bbe2e5fc78d9dcd0a') in 0.004658 seconds 
  Import took 0.008165 seconds .

AssetImportWorkerClient::OnTransportError - code=2 error=End of file
