Using pre-set license
Built from '2020.3/staging' branch; Version is '2020.3.26f1 (7298b473bc1a) revision 7510196'; Using compiler version '192528614'; Build Type 'Release'
OS: 'Windows 10  (10.0.19044) 64bit Professional' Language: 'ru' Physical Memory: 16283 MB
BatchMode: 1, IsHumanControllingUs: 0, StartBugReporterOnCrash: 0, Is64bit: 1, IsPro: 0

COMMAND LINE ARGUMENTS:
C:\Program Files\Unity\Hub\Editor\2020.3.26f1\Editor\Unity.exe
-adb2
-batchMode
-noUpm
-name
AssetImportWorker0
-projectPath
D:/NTI_Learning_CSharp_Unity/Homework/Homework1_16
-logFile
Logs/AssetImportWorker0.log
-srvPort
62951
Successfully changed project path to: D:/NTI_Learning_CSharp_Unity/Homework/Homework1_16
D:/NTI_Learning_CSharp_Unity/Homework/Homework1_16
Using Asset Import Pipeline V2.
Refreshing native plugins compatible for Editor in 93.31 ms, found 2 plugins.
Preloading 0 native plugins for Editor in 0.00 ms.
Initialize engine version: 2020.3.26f1 (7298b473bc1a)
[Subsystems] Discovering subsystems at path C:/Program Files/Unity/Hub/Editor/2020.3.26f1/Editor/Data/Resources/UnitySubsystems
[Subsystems] Discovering subsystems at path D:/NTI_Learning_CSharp_Unity/Homework/Homework1_16/Assets
GfxDevice: creating device client; threaded=0
Direct3D:
    Version:  Direct3D 11.0 [level 11.1]
    Renderer: Radeon RX 580 Series (ID=0x67df)
    Vendor:   
    VRAM:     4075 MB
    Driver:   30.0.13023.1012
Initialize mono
Mono path[0] = 'C:/Program Files/Unity/Hub/Editor/2020.3.26f1/Editor/Data/Managed'
Mono path[1] = 'C:/Program Files/Unity/Hub/Editor/2020.3.26f1/Editor/Data/MonoBleedingEdge/lib/mono/unityjit'
Mono config path = 'C:/Program Files/Unity/Hub/Editor/2020.3.26f1/Editor/Data/MonoBleedingEdge/etc'
Using monoOptions --debugger-agent=transport=dt_socket,embedding=1,server=y,suspend=n,address=127.0.0.1:56768
Begin MonoManager ReloadAssembly
Registering precompiled unity dll's ...
Register platform support module: C:/Program Files/Unity/Hub/Editor/2020.3.26f1/Editor/Data/PlaybackEngines/WebGLSupport/UnityEditor.WebGL.Extensions.dll
Register platform support module: C:/Program Files/Unity/Hub/Editor/2020.3.26f1/Editor/Data/PlaybackEngines/WindowsStandaloneSupport/UnityEditor.WindowsStandalone.Extensions.dll
Registered in 0.005995 seconds.
Native extension for WindowsStandalone target not found
Native extension for WebGL target not found
Refreshing native plugins compatible for Editor in 88.33 ms, found 2 plugins.
Preloading 0 native plugins for Editor in 0.00 ms.
Mono: successfully reloaded assembly
- Completed reload, in  1.117 seconds
Domain Reload Profiling:
	ReloadAssembly (1117ms)
		BeginReloadAssembly (131ms)
			ExecutionOrderSort (0ms)
			DisableScriptedObjects (0ms)
			BackupInstance (0ms)
			ReleaseScriptingObjects (0ms)
			CreateAndSetChildDomain (1ms)
		EndReloadAssembly (842ms)
			LoadAssemblies (127ms)
			RebuildTransferFunctionScriptingTraits (0ms)
			SetupTypeCache (287ms)
			ReleaseScriptCaches (0ms)
			RebuildScriptCaches (63ms)
			SetupLoadedEditorAssemblies (317ms)
				LogAssemblyErrors (0ms)
				InitializePlatformSupportModulesInManaged (9ms)
				SetLoadedEditorAssemblies (1ms)
				RefreshPlugins (88ms)
				BeforeProcessingInitializeOnLoad (28ms)
				ProcessInitializeOnLoadAttributes (143ms)
				ProcessInitializeOnLoadMethodAttributes (47ms)
				AfterProcessingInitializeOnLoad (0ms)
				EditorAssembliesLoaded (0ms)
			ExecutionOrderSort2 (0ms)
			AwakeInstancesAfterBackupRestoration (0ms)
Platform modules already initialized, skipping
Registering precompiled user dll's ...
Registered in 0.008449 seconds.
Begin MonoManager ReloadAssembly
Native extension for WindowsStandalone target not found
Native extension for WebGL target not found
Refreshing native plugins compatible for Editor in 89.36 ms, found 2 plugins.
Preloading 0 native plugins for Editor in 0.00 ms.
Mono: successfully reloaded assembly
- Completed reload, in  2.179 seconds
Domain Reload Profiling:
	ReloadAssembly (2181ms)
		BeginReloadAssembly (317ms)
			ExecutionOrderSort (0ms)
			DisableScriptedObjects (9ms)
			BackupInstance (0ms)
			ReleaseScriptingObjects (0ms)
			CreateAndSetChildDomain (31ms)
		EndReloadAssembly (1725ms)
			LoadAssemblies (230ms)
			RebuildTransferFunctionScriptingTraits (0ms)
			SetupTypeCache (601ms)
			ReleaseScriptCaches (1ms)
			RebuildScriptCaches (102ms)
			SetupLoadedEditorAssemblies (632ms)
				LogAssemblyErrors (0ms)
				InitializePlatformSupportModulesInManaged (8ms)
				SetLoadedEditorAssemblies (0ms)
				RefreshPlugins (89ms)
				BeforeProcessingInitializeOnLoad (164ms)
				ProcessInitializeOnLoadAttributes (338ms)
				ProcessInitializeOnLoadMethodAttributes (15ms)
				AfterProcessingInitializeOnLoad (17ms)
				EditorAssembliesLoaded (0ms)
			ExecutionOrderSort2 (0ms)
			AwakeInstancesAfterBackupRestoration (13ms)
Platform modules already initialized, skipping
========================================================================
Worker process is ready to serve import requests
Launched and connected shader compiler UnityShaderCompiler.exe after 0.11 seconds
Refreshing native plugins compatible for Editor in 0.85 ms, found 2 plugins.
Preloading 0 native plugins for Editor in 0.00 ms.
Unloading 2758 Unused Serialized files (Serialized files now loaded: 0)
System memory in use before: 192.4 MB.
System memory in use after: 192.6 MB.

Unloading 20 unused Assets to reduce memory usage. Loaded Objects now: 3193.
Total: 4.537000 ms (FindLiveObjects: 0.373300 ms CreateObjectMapping: 0.169200 ms MarkObjects: 3.878700 ms  DeleteObjects: 0.114200 ms)

AssetImportParameters requested are different than current active one (requested -> active):
  custom:framework-win-MediaFoundation: 216162199b28c13a410421893ffa2e32 -> 
  custom:video-decoder-ogg-theora: a1e56fd34408186e4bbccfd4996cb3dc -> 
  custom:container-muxer-webm: aa71ff27fc2769a1b78a27578f13a17b -> 
  custom:container-demuxer-webm: 4f35f7cbe854078d1ac9338744f61a02 -> 
  custom:container-demuxer-ogg: 62fdf1f143b41e24485cea50d1cbac27 -> 
  custom:video-encoder-webm-vp8: eb34c28f22e8b96e1ab97ce403110664 -> 
  custom:video-decoder-webm-vp8: 9c59270c3fd7afecdb556c50c9e8de78 -> 
  custom:audio-decoder-ogg-vorbis: bf7c407c2cedff20999df2af8eb42d56 -> 
  custom:audio-encoder-webm-vorbis: bf7c407c2cedff20999df2af8eb42d56 -> 
========================================================================
Received Import Request.
  path: Assets/Scenes/Point Light.prefab
  artifactKey: Guid(2848555130df81742a0e18ca7ef898a6) Importer(815301076,1909f56bfc062723c751e8b465ee728b)
Start importing Assets/Scenes/Point Light.prefab using Guid(2848555130df81742a0e18ca7ef898a6) Importer(815301076,1909f56bfc062723c751e8b465ee728b)  -> (artifact id: '25774971f40fe234371848df176e68d7') in 0.072268 seconds 
  Import took 0.078180 seconds .

========================================================================
Received Import Request.
  Time since last request: 553.993651 seconds.
  path: Assets/Scenes/Fireworks Materials
  artifactKey: Guid(b3f9b40591712ab4b874c468178f9546) Importer(815301076,1909f56bfc062723c751e8b465ee728b)
Start importing Assets/Scenes/Fireworks Materials using Guid(b3f9b40591712ab4b874c468178f9546) Importer(815301076,1909f56bfc062723c751e8b465ee728b)  -> (artifact id: '1bebc551c59f577baf791470c40a29e7') in 0.004933 seconds 
  Import took 0.010978 seconds .

========================================================================
Received Import Request.
  Time since last request: 19.712135 seconds.
  path: Assets/Scenes/Prefabs
  artifactKey: Guid(2d8d6905fcd44d44686447fe468bed95) Importer(815301076,1909f56bfc062723c751e8b465ee728b)
Start importing Assets/Scenes/Prefabs using Guid(2d8d6905fcd44d44686447fe468bed95) Importer(815301076,1909f56bfc062723c751e8b465ee728b)  -> (artifact id: 'c6fcd0b526a87967cde05b85b8feba72') in 0.004624 seconds 
  Import took 0.010309 seconds .

========================================================================
Received Import Request.
  Time since last request: 2.654210 seconds.
  path: Assets/Scenes/Prefabs/Fireworks.prefab
  artifactKey: Guid(3f640a0a2f350554aa1d01c5e40517e0) Importer(815301076,1909f56bfc062723c751e8b465ee728b)
Start importing Assets/Scenes/Prefabs/Fireworks.prefab using Guid(3f640a0a2f350554aa1d01c5e40517e0) Importer(815301076,1909f56bfc062723c751e8b465ee728b)  -> (artifact id: 'ec2faf82497a9d15586e378bcb6bc69e') in 0.108732 seconds 
  Import took 0.114773 seconds .

========================================================================
Received Import Request.
  Time since last request: 955.933813 seconds.
  path: Assets/Scenes/Prefabs/ParticleFirecloud.png
  artifactKey: Guid(c8c41f2db747eff4c8996627537b42b2) Importer(815301076,1909f56bfc062723c751e8b465ee728b)
Start importing Assets/Scenes/Prefabs/ParticleFirecloud.png using Guid(c8c41f2db747eff4c8996627537b42b2) Importer(815301076,1909f56bfc062723c751e8b465ee728b)  -> (artifact id: '0ec75d31a32b6165ba6af4c50c3fd9a4') in 0.027841 seconds 
  Import took 0.040698 seconds .

========================================================================
Received Import Request.
  Time since last request: 355.487186 seconds.
  path: Assets/Scenes/Prefabs/FireMaterial.mat
  artifactKey: Guid(92d2d6c69ed086649b92aae17cf5e434) Importer(815301076,1909f56bfc062723c751e8b465ee728b)
Start importing Assets/Scenes/Prefabs/FireMaterial.mat using Guid(92d2d6c69ed086649b92aae17cf5e434) Importer(815301076,1909f56bfc062723c751e8b465ee728b)  -> (artifact id: 'f92aa7f5ca8fdca7e689b651aea80cbe') in 0.119854 seconds 
  Import took 0.126145 seconds .

========================================================================
Received Import Request.
  Time since last request: 199.704118 seconds.
  path: Assets/Scenes/Prefabs/Explosion.prefab
  artifactKey: Guid(aef23d4d6bc1aa14e98434170d3a354c) Importer(815301076,1909f56bfc062723c751e8b465ee728b)
Start importing Assets/Scenes/Prefabs/Explosion.prefab using Guid(aef23d4d6bc1aa14e98434170d3a354c) Importer(815301076,1909f56bfc062723c751e8b465ee728b)  -> (artifact id: '7c04f3833ddbbf28ac051da85d0f479d') in 0.029828 seconds 
  Import took 0.036284 seconds .

========================================================================
Received Import Request.
  Time since last request: 169.537779 seconds.
  path: Assets/Scenes/Prefabs/Explosion
  artifactKey: Guid(748f9faa83400824da5508013f2758f3) Importer(815301076,1909f56bfc062723c751e8b465ee728b)
Start importing Assets/Scenes/Prefabs/Explosion using Guid(748f9faa83400824da5508013f2758f3) Importer(815301076,1909f56bfc062723c751e8b465ee728b)  -> (artifact id: 'eecc26d27b017af3e68be5f7379f74f3') in 0.004588 seconds 
  Import took 0.011208 seconds .

========================================================================
Received Import Request.
  Time since last request: 3250.580521 seconds.
  path: Assets/Scenes/Explosion/ParticleFirecloud.png
  artifactKey: Guid(00dbefd7896741f41a8bba121c9c2b1e) Importer(815301076,1909f56bfc062723c751e8b465ee728b)
Start importing Assets/Scenes/Explosion/ParticleFirecloud.png using Guid(00dbefd7896741f41a8bba121c9c2b1e) Importer(815301076,1909f56bfc062723c751e8b465ee728b)  -> (artifact id: '048ab9e663149904a46f4b3dc9ad3988') in 0.024174 seconds 
  Import took 0.031549 seconds .

========================================================================
Received Import Request.
  Time since last request: 285.260667 seconds.
  path: Assets/Scenes/Scripts
  artifactKey: Guid(3687c11265a0f0d4f93029d9fff473c4) Importer(815301076,1909f56bfc062723c751e8b465ee728b)
Start importing Assets/Scenes/Scripts using Guid(3687c11265a0f0d4f93029d9fff473c4) Importer(815301076,1909f56bfc062723c751e8b465ee728b)  -> (artifact id: 'c988668144d71e808a733fdfd9714679') in 0.004633 seconds 
  Import took 0.011089 seconds .

========================================================================
Received Import Request.
  Time since last request: 55.971171 seconds.
  path: Assets/Scenes/Scripts/BombExplosion.cs
  artifactKey: Guid(4c7eacabf2eab9a4bb3a6f171dba456c) Importer(815301076,1909f56bfc062723c751e8b465ee728b)
Start importing Assets/Scenes/Scripts/BombExplosion.cs using Guid(4c7eacabf2eab9a4bb3a6f171dba456c) Importer(815301076,1909f56bfc062723c751e8b465ee728b)  -> (artifact id: '40c78f72cb366e0a9b0a9cdaa17dfc7d') in 0.008910 seconds 
  Import took 0.015860 seconds .

========================================================================
Received Prepare
Registering precompiled user dll's ...
Registered in 0.009512 seconds.
Begin MonoManager ReloadAssembly
Native extension for WindowsStandalone target not found
Native extension for WebGL target not found
Refreshing native plugins compatible for Editor in 0.87 ms, found 2 plugins.
Preloading 0 native plugins for Editor in 0.00 ms.
Mono: successfully reloaded assembly
- Completed reload, in  1.940 seconds
Domain Reload Profiling:
	ReloadAssembly (1941ms)
		BeginReloadAssembly (237ms)
			ExecutionOrderSort (0ms)
			DisableScriptedObjects (7ms)
			BackupInstance (0ms)
			ReleaseScriptingObjects (0ms)
			CreateAndSetChildDomain (64ms)
		EndReloadAssembly (1581ms)
			LoadAssemblies (210ms)
			RebuildTransferFunctionScriptingTraits (0ms)
			SetupTypeCache (596ms)
			ReleaseScriptCaches (2ms)
			RebuildScriptCaches (87ms)
			SetupLoadedEditorAssemblies (559ms)
				LogAssemblyErrors (0ms)
				InitializePlatformSupportModulesInManaged (10ms)
				SetLoadedEditorAssemblies (1ms)
				RefreshPlugins (1ms)
				BeforeProcessingInitializeOnLoad (167ms)
				ProcessInitializeOnLoadAttributes (348ms)
				ProcessInitializeOnLoadMethodAttributes (15ms)
				AfterProcessingInitializeOnLoad (17ms)
				EditorAssembliesLoaded (1ms)
			ExecutionOrderSort2 (0ms)
			AwakeInstancesAfterBackupRestoration (12ms)
Platform modules already initialized, skipping
Refreshing native plugins compatible for Editor in 0.91 ms, found 2 plugins.
Preloading 0 native plugins for Editor in 0.00 ms.
Unloading 2698 Unused Serialized files (Serialized files now loaded: 0)
System memory in use before: 190.1 MB.
System memory in use after: 190.3 MB.

Unloading 17 unused Assets to reduce memory usage. Loaded Objects now: 3237.
Total: 4.655600 ms (FindLiveObjects: 0.366100 ms CreateObjectMapping: 0.149200 ms MarkObjects: 4.071200 ms  DeleteObjects: 0.067700 ms)

AssetImportParameters requested are different than current active one (requested -> active):
  custom:framework-win-MediaFoundation: 216162199b28c13a410421893ffa2e32 -> 
  custom:video-decoder-ogg-theora: a1e56fd34408186e4bbccfd4996cb3dc -> 
  custom:container-muxer-webm: aa71ff27fc2769a1b78a27578f13a17b -> 
  custom:container-demuxer-webm: 4f35f7cbe854078d1ac9338744f61a02 -> 
  custom:container-demuxer-ogg: 62fdf1f143b41e24485cea50d1cbac27 -> 
  custom:video-encoder-webm-vp8: eb34c28f22e8b96e1ab97ce403110664 -> 
  custom:video-decoder-webm-vp8: 9c59270c3fd7afecdb556c50c9e8de78 -> 
  custom:audio-decoder-ogg-vorbis: bf7c407c2cedff20999df2af8eb42d56 -> 
  custom:audio-encoder-webm-vorbis: bf7c407c2cedff20999df2af8eb42d56 -> 
AssetImportWorkerClient::OnTransportError - code=2 error=End of file
