Using pre-set license
Built from '2020.3/staging' branch; Version is '2020.3.26f1 (7298b473bc1a) revision 7510196'; Using compiler version '192528614'; Build Type 'Release'
OS: 'Windows 10  (10.0.19044) 64bit Professional' Language: 'ru' Physical Memory: 16283 MB
BatchMode: 1, IsHumanControllingUs: 0, StartBugReporterOnCrash: 0, Is64bit: 1, IsPro: 0

COMMAND LINE ARGUMENTS:
C:\Program Files\Unity\Hub\Editor\2020.3.26f1\Editor\Unity.exe
-adb2
-batchMode
-noUpm
-name
AssetImportWorker0
-projectPath
D:/NTI_Learning_CSharp_Unity/Homework/Homework1_16
-logFile
Logs/AssetImportWorker0.log
-srvPort
59831
Successfully changed project path to: D:/NTI_Learning_CSharp_Unity/Homework/Homework1_16
D:/NTI_Learning_CSharp_Unity/Homework/Homework1_16
Using Asset Import Pipeline V2.
Refreshing native plugins compatible for Editor in 103.21 ms, found 2 plugins.
Preloading 0 native plugins for Editor in 0.00 ms.
Initialize engine version: 2020.3.26f1 (7298b473bc1a)
[Subsystems] Discovering subsystems at path C:/Program Files/Unity/Hub/Editor/2020.3.26f1/Editor/Data/Resources/UnitySubsystems
[Subsystems] Discovering subsystems at path D:/NTI_Learning_CSharp_Unity/Homework/Homework1_16/Assets
GfxDevice: creating device client; threaded=0
Direct3D:
    Version:  Direct3D 11.0 [level 11.1]
    Renderer: Radeon RX 580 Series (ID=0x67df)
    Vendor:   
    VRAM:     4075 MB
    Driver:   30.0.13023.1012
Initialize mono
Mono path[0] = 'C:/Program Files/Unity/Hub/Editor/2020.3.26f1/Editor/Data/Managed'
Mono path[1] = 'C:/Program Files/Unity/Hub/Editor/2020.3.26f1/Editor/Data/MonoBleedingEdge/lib/mono/unityjit'
Mono config path = 'C:/Program Files/Unity/Hub/Editor/2020.3.26f1/Editor/Data/MonoBleedingEdge/etc'
Using monoOptions --debugger-agent=transport=dt_socket,embedding=1,server=y,suspend=n,address=127.0.0.1:56452
Begin MonoManager ReloadAssembly
Registering precompiled unity dll's ...
Register platform support module: C:/Program Files/Unity/Hub/Editor/2020.3.26f1/Editor/Data/PlaybackEngines/WebGLSupport/UnityEditor.WebGL.Extensions.dll
Register platform support module: C:/Program Files/Unity/Hub/Editor/2020.3.26f1/Editor/Data/PlaybackEngines/WindowsStandaloneSupport/UnityEditor.WindowsStandalone.Extensions.dll
Registered in 0.006126 seconds.
Native extension for WindowsStandalone target not found
Native extension for WebGL target not found
Refreshing native plugins compatible for Editor in 100.06 ms, found 2 plugins.
Preloading 0 native plugins for Editor in 0.00 ms.
Mono: successfully reloaded assembly
- Completed reload, in  1.226 seconds
Domain Reload Profiling:
	ReloadAssembly (1226ms)
		BeginReloadAssembly (145ms)
			ExecutionOrderSort (0ms)
			DisableScriptedObjects (0ms)
			BackupInstance (0ms)
			ReleaseScriptingObjects (0ms)
			CreateAndSetChildDomain (1ms)
		EndReloadAssembly (918ms)
			LoadAssemblies (139ms)
			RebuildTransferFunctionScriptingTraits (0ms)
			SetupTypeCache (313ms)
			ReleaseScriptCaches (0ms)
			RebuildScriptCaches (68ms)
			SetupLoadedEditorAssemblies (344ms)
				LogAssemblyErrors (0ms)
				InitializePlatformSupportModulesInManaged (9ms)
				SetLoadedEditorAssemblies (1ms)
				RefreshPlugins (100ms)
				BeforeProcessingInitializeOnLoad (31ms)
				ProcessInitializeOnLoadAttributes (151ms)
				ProcessInitializeOnLoadMethodAttributes (51ms)
				AfterProcessingInitializeOnLoad (0ms)
				EditorAssembliesLoaded (0ms)
			ExecutionOrderSort2 (0ms)
			AwakeInstancesAfterBackupRestoration (0ms)
Platform modules already initialized, skipping
Registering precompiled user dll's ...
Registered in 0.009320 seconds.
Begin MonoManager ReloadAssembly
Native extension for WindowsStandalone target not found
Native extension for WebGL target not found
Refreshing native plugins compatible for Editor in 96.43 ms, found 2 plugins.
Preloading 0 native plugins for Editor in 0.00 ms.
Mono: successfully reloaded assembly
- Completed reload, in  2.396 seconds
Domain Reload Profiling:
	ReloadAssembly (2398ms)
		BeginReloadAssembly (323ms)
			ExecutionOrderSort (0ms)
			DisableScriptedObjects (9ms)
			BackupInstance (0ms)
			ReleaseScriptingObjects (0ms)
			CreateAndSetChildDomain (36ms)
		EndReloadAssembly (1922ms)
			LoadAssemblies (238ms)
			RebuildTransferFunctionScriptingTraits (0ms)
			SetupTypeCache (671ms)
			ReleaseScriptCaches (1ms)
			RebuildScriptCaches (112ms)
			SetupLoadedEditorAssemblies (704ms)
				LogAssemblyErrors (0ms)
				InitializePlatformSupportModulesInManaged (8ms)
				SetLoadedEditorAssemblies (0ms)
				RefreshPlugins (97ms)
				BeforeProcessingInitializeOnLoad (188ms)
				ProcessInitializeOnLoadAttributes (375ms)
				ProcessInitializeOnLoadMethodAttributes (18ms)
				AfterProcessingInitializeOnLoad (17ms)
				EditorAssembliesLoaded (1ms)
			ExecutionOrderSort2 (0ms)
			AwakeInstancesAfterBackupRestoration (14ms)
Platform modules already initialized, skipping
========================================================================
Worker process is ready to serve import requests
Launched and connected shader compiler UnityShaderCompiler.exe after 0.07 seconds
Refreshing native plugins compatible for Editor in 0.95 ms, found 2 plugins.
Preloading 0 native plugins for Editor in 0.00 ms.
Unloading 2759 Unused Serialized files (Serialized files now loaded: 0)
System memory in use before: 192.6 MB.
System memory in use after: 192.8 MB.

Unloading 20 unused Assets to reduce memory usage. Loaded Objects now: 3194.
Total: 4.697100 ms (FindLiveObjects: 0.487100 ms CreateObjectMapping: 0.159800 ms MarkObjects: 3.937800 ms  DeleteObjects: 0.110600 ms)

AssetImportParameters requested are different than current active one (requested -> active):
  custom:framework-win-MediaFoundation: 216162199b28c13a410421893ffa2e32 -> 
  custom:video-decoder-ogg-theora: a1e56fd34408186e4bbccfd4996cb3dc -> 
  custom:container-muxer-webm: aa71ff27fc2769a1b78a27578f13a17b -> 
  custom:container-demuxer-webm: 4f35f7cbe854078d1ac9338744f61a02 -> 
  custom:container-demuxer-ogg: 62fdf1f143b41e24485cea50d1cbac27 -> 
  custom:video-encoder-webm-vp8: eb34c28f22e8b96e1ab97ce403110664 -> 
  custom:video-decoder-webm-vp8: 9c59270c3fd7afecdb556c50c9e8de78 -> 
  custom:audio-decoder-ogg-vorbis: bf7c407c2cedff20999df2af8eb42d56 -> 
  custom:audio-encoder-webm-vorbis: bf7c407c2cedff20999df2af8eb42d56 -> 
========================================================================
Received Import Request.
  path: Assets/Scenes/Fireworks Materials/Rocket.mat
  artifactKey: Guid(0b717dc105b20314c91fef8d437fd4f1) Importer(815301076,1909f56bfc062723c751e8b465ee728b)
Start importing Assets/Scenes/Fireworks Materials/Rocket.mat using Guid(0b717dc105b20314c91fef8d437fd4f1) Importer(815301076,1909f56bfc062723c751e8b465ee728b)  -> (artifact id: '168245236b6e3223f97e2f2c5715d8e2') in 0.252779 seconds 
  Import took 0.259340 seconds .

========================================================================
Received Prepare
Registering precompiled user dll's ...
Registered in 0.009478 seconds.
Begin MonoManager ReloadAssembly
Native extension for WindowsStandalone target not found
Native extension for WebGL target not found
Refreshing native plugins compatible for Editor in 0.96 ms, found 2 plugins.
Preloading 0 native plugins for Editor in 0.00 ms.
Mono: successfully reloaded assembly
- Completed reload, in  2.106 seconds
Domain Reload Profiling:
	ReloadAssembly (2107ms)
		BeginReloadAssembly (236ms)
			ExecutionOrderSort (0ms)
			DisableScriptedObjects (9ms)
			BackupInstance (0ms)
			ReleaseScriptingObjects (0ms)
			CreateAndSetChildDomain (65ms)
		EndReloadAssembly (1733ms)
			LoadAssemblies (223ms)
			RebuildTransferFunctionScriptingTraits (0ms)
			SetupTypeCache (645ms)
			ReleaseScriptCaches (3ms)
			RebuildScriptCaches (94ms)
			SetupLoadedEditorAssemblies (609ms)
				LogAssemblyErrors (0ms)
				InitializePlatformSupportModulesInManaged (10ms)
				SetLoadedEditorAssemblies (1ms)
				RefreshPlugins (1ms)
				BeforeProcessingInitializeOnLoad (179ms)
				ProcessInitializeOnLoadAttributes (383ms)
				ProcessInitializeOnLoadMethodAttributes (18ms)
				AfterProcessingInitializeOnLoad (17ms)
				EditorAssembliesLoaded (1ms)
			ExecutionOrderSort2 (0ms)
			AwakeInstancesAfterBackupRestoration (14ms)
Platform modules already initialized, skipping
Refreshing native plugins compatible for Editor in 1.00 ms, found 2 plugins.
Preloading 0 native plugins for Editor in 0.00 ms.
Unloading 2697 Unused Serialized files (Serialized files now loaded: 0)
System memory in use before: 190.1 MB.
System memory in use after: 190.4 MB.

Unloading 16 unused Assets to reduce memory usage. Loaded Objects now: 3235.
Total: 5.082700 ms (FindLiveObjects: 0.653700 ms CreateObjectMapping: 0.172100 ms MarkObjects: 4.221200 ms  DeleteObjects: 0.033500 ms)

AssetImportParameters requested are different than current active one (requested -> active):
  custom:framework-win-MediaFoundation: 216162199b28c13a410421893ffa2e32 -> 
  custom:video-decoder-ogg-theora: a1e56fd34408186e4bbccfd4996cb3dc -> 
  custom:container-muxer-webm: aa71ff27fc2769a1b78a27578f13a17b -> 
  custom:container-demuxer-webm: 4f35f7cbe854078d1ac9338744f61a02 -> 
  custom:container-demuxer-ogg: 62fdf1f143b41e24485cea50d1cbac27 -> 
  custom:video-encoder-webm-vp8: eb34c28f22e8b96e1ab97ce403110664 -> 
  custom:video-decoder-webm-vp8: 9c59270c3fd7afecdb556c50c9e8de78 -> 
  custom:audio-decoder-ogg-vorbis: bf7c407c2cedff20999df2af8eb42d56 -> 
  custom:audio-encoder-webm-vorbis: bf7c407c2cedff20999df2af8eb42d56 -> 
========================================================================
Received Import Request.
  Time since last request: 159.798018 seconds.
  path: Assets/Scenes/Explosion/FireMaterial.mat
  artifactKey: Guid(92d2d6c69ed086649b92aae17cf5e434) Importer(815301076,1909f56bfc062723c751e8b465ee728b)
Start importing Assets/Scenes/Explosion/FireMaterial.mat using Guid(92d2d6c69ed086649b92aae17cf5e434) Importer(815301076,1909f56bfc062723c751e8b465ee728b)  -> (artifact id: 'ace55d3fb6db69ae94143c1eedf04672') in 0.114087 seconds 
  Import took 0.126541 seconds .

========================================================================
Received Import Request.
  Time since last request: 978.580400 seconds.
  path: Assets/Scenes/Explosion/ParticleFirecloud 1.png
  artifactKey: Guid(4383c00b1b4cd65418d33cacbd96b347) Importer(815301076,1909f56bfc062723c751e8b465ee728b)
Start importing Assets/Scenes/Explosion/ParticleFirecloud 1.png using Guid(4383c00b1b4cd65418d33cacbd96b347) Importer(815301076,1909f56bfc062723c751e8b465ee728b)  -> (artifact id: '7d884d79c8ee1aebecdb03b369699dff') in 0.028668 seconds 
  Import took 0.035938 seconds .

========================================================================
Received Import Request.
  Time since last request: 4.685283 seconds.
  path: Assets/Scenes/Explosion/Fire.png
  artifactKey: Guid(4383c00b1b4cd65418d33cacbd96b347) Importer(815301076,1909f56bfc062723c751e8b465ee728b)
Start importing Assets/Scenes/Explosion/Fire.png using Guid(4383c00b1b4cd65418d33cacbd96b347) Importer(815301076,1909f56bfc062723c751e8b465ee728b)  -> (artifact id: 'f3b36b8e732fec4e35cac8814de72446') in 0.014021 seconds 
  Import took 0.026984 seconds .

========================================================================
Received Import Request.
  Time since last request: 108.443734 seconds.
  path: Assets/Scenes/Explosion/FireMaterial.mat
  artifactKey: Guid(92d2d6c69ed086649b92aae17cf5e434) Importer(815301076,1909f56bfc062723c751e8b465ee728b)
Start importing Assets/Scenes/Explosion/FireMaterial.mat using Guid(92d2d6c69ed086649b92aae17cf5e434) Importer(815301076,1909f56bfc062723c751e8b465ee728b)  -> (artifact id: '7562909e96119a1acd704fa77ac8a074') in 0.020503 seconds 
  Import took 0.041282 seconds .

========================================================================
Received Import Request.
  Time since last request: 298.566598 seconds.
  path: Assets/Scenes/Explosion/Smoke.mat
  artifactKey: Guid(ad6d4c43372583e41acd6476e2300619) Importer(815301076,1909f56bfc062723c751e8b465ee728b)
Start importing Assets/Scenes/Explosion/Smoke.mat using Guid(ad6d4c43372583e41acd6476e2300619) Importer(815301076,1909f56bfc062723c751e8b465ee728b)  -> (artifact id: '2a53a679d9641666c7bef6b119b9eefe') in 0.022755 seconds 
  Import took 0.029593 seconds .

========================================================================
Received Import Request.
  Time since last request: 759.529692 seconds.
  path: Assets/Scenes/Explosion/Smoke.png
  artifactKey: Guid(dbb6a8d1e85234f4cac785ff6270b1ea) Importer(815301076,1909f56bfc062723c751e8b465ee728b)
Start importing Assets/Scenes/Explosion/Smoke.png using Guid(dbb6a8d1e85234f4cac785ff6270b1ea) Importer(815301076,1909f56bfc062723c751e8b465ee728b)  -> (artifact id: '3b5f63f17a2b693ba6bd4d02ddacba06') in 0.025663 seconds 
  Import took 0.032560 seconds .

========================================================================
Received Import Request.
  Time since last request: 1416.227498 seconds.
  path: Assets/Scenes/Fireworks Materials/Explosion.mat
  artifactKey: Guid(aae37df315b83774090a561ec2a6966e) Importer(815301076,1909f56bfc062723c751e8b465ee728b)
Start importing Assets/Scenes/Fireworks Materials/Explosion.mat using Guid(aae37df315b83774090a561ec2a6966e) Importer(815301076,1909f56bfc062723c751e8b465ee728b)  -> (artifact id: '3e8fdd8ecdac29d6799e294758cd8a4f') in 0.054351 seconds 
  Import took 0.061190 seconds .

========================================================================
Received Import Request.
  Time since last request: 0.000449 seconds.
  path: Assets/Scenes/Fireworks Materials/Trail.mat
  artifactKey: Guid(4e973a8b5ba26bc489746acfce49c4d0) Importer(815301076,1909f56bfc062723c751e8b465ee728b)
Start importing Assets/Scenes/Fireworks Materials/Trail.mat using Guid(4e973a8b5ba26bc489746acfce49c4d0) Importer(815301076,1909f56bfc062723c751e8b465ee728b)  -> (artifact id: '0b6a882e245780382660d3e07695d7df') in 0.016864 seconds 
  Import took 0.031739 seconds .

========================================================================
Received Import Request.
  Time since last request: 0.515765 seconds.
  path: Assets/Scenes/Prefabs/Explosion.prefab
  artifactKey: Guid(aef23d4d6bc1aa14e98434170d3a354c) Importer(815301076,1909f56bfc062723c751e8b465ee728b)
Start importing Assets/Scenes/Prefabs/Explosion.prefab using Guid(aef23d4d6bc1aa14e98434170d3a354c) Importer(815301076,1909f56bfc062723c751e8b465ee728b)  -> (artifact id: 'e44fc3a9a2bf9d77e2a6b7bd99f57423') in 0.043260 seconds 
  Import took 0.050090 seconds .

========================================================================
Received Prepare
Registering precompiled user dll's ...
Registered in 0.008913 seconds.
Begin MonoManager ReloadAssembly
Native extension for WindowsStandalone target not found
Native extension for WebGL target not found
Refreshing native plugins compatible for Editor in 0.98 ms, found 2 plugins.
Preloading 0 native plugins for Editor in 0.00 ms.
Mono: successfully reloaded assembly
- Completed reload, in  2.080 seconds
Domain Reload Profiling:
	ReloadAssembly (2081ms)
		BeginReloadAssembly (256ms)
			ExecutionOrderSort (0ms)
			DisableScriptedObjects (8ms)
			BackupInstance (0ms)
			ReleaseScriptingObjects (0ms)
			CreateAndSetChildDomain (76ms)
		EndReloadAssembly (1696ms)
			LoadAssemblies (224ms)
			RebuildTransferFunctionScriptingTraits (0ms)
			SetupTypeCache (646ms)
			ReleaseScriptCaches (2ms)
			RebuildScriptCaches (96ms)
			SetupLoadedEditorAssemblies (591ms)
				LogAssemblyErrors (0ms)
				InitializePlatformSupportModulesInManaged (12ms)
				SetLoadedEditorAssemblies (1ms)
				RefreshPlugins (1ms)
				BeforeProcessingInitializeOnLoad (175ms)
				ProcessInitializeOnLoadAttributes (369ms)
				ProcessInitializeOnLoadMethodAttributes (16ms)
				AfterProcessingInitializeOnLoad (17ms)
				EditorAssembliesLoaded (1ms)
			ExecutionOrderSort2 (0ms)
			AwakeInstancesAfterBackupRestoration (12ms)
Platform modules already initialized, skipping
Refreshing native plugins compatible for Editor in 1.09 ms, found 2 plugins.
Preloading 0 native plugins for Editor in 0.00 ms.
Unloading 2697 Unused Serialized files (Serialized files now loaded: 0)
System memory in use before: 190.2 MB.
System memory in use after: 190.5 MB.

Unloading 15 unused Assets to reduce memory usage. Loaded Objects now: 3239.
Total: 4.572200 ms (FindLiveObjects: 0.471800 ms CreateObjectMapping: 0.152200 ms MarkObjects: 3.923700 ms  DeleteObjects: 0.023100 ms)

AssetImportParameters requested are different than current active one (requested -> active):
  custom:framework-win-MediaFoundation: 216162199b28c13a410421893ffa2e32 -> 
  custom:video-decoder-ogg-theora: a1e56fd34408186e4bbccfd4996cb3dc -> 
  custom:container-muxer-webm: aa71ff27fc2769a1b78a27578f13a17b -> 
  custom:container-demuxer-webm: 4f35f7cbe854078d1ac9338744f61a02 -> 
  custom:container-demuxer-ogg: 62fdf1f143b41e24485cea50d1cbac27 -> 
  custom:video-encoder-webm-vp8: eb34c28f22e8b96e1ab97ce403110664 -> 
  custom:video-decoder-webm-vp8: 9c59270c3fd7afecdb556c50c9e8de78 -> 
  custom:audio-decoder-ogg-vorbis: bf7c407c2cedff20999df2af8eb42d56 -> 
  custom:audio-encoder-webm-vorbis: bf7c407c2cedff20999df2af8eb42d56 -> 
========================================================================
Received Import Request.
  Time since last request: 211.017732 seconds.
  path: Assets/Scenes/Explosion/Fire.mat
  artifactKey: Guid(42652d8dd1de3a847ab936ac0024a079) Importer(815301076,1909f56bfc062723c751e8b465ee728b)
Start importing Assets/Scenes/Explosion/Fire.mat using Guid(42652d8dd1de3a847ab936ac0024a079) Importer(815301076,1909f56bfc062723c751e8b465ee728b)  -> (artifact id: '34c91b9889c74e7b299b83318960942c') in 0.100454 seconds 
  Import took 0.106844 seconds .

========================================================================
Received Import Request.
  Time since last request: 0.000358 seconds.
  path: Assets/Scenes/Explosion/Smoke.mat
  artifactKey: Guid(ad6d4c43372583e41acd6476e2300619) Importer(815301076,1909f56bfc062723c751e8b465ee728b)
Start importing Assets/Scenes/Explosion/Smoke.mat using Guid(ad6d4c43372583e41acd6476e2300619) Importer(815301076,1909f56bfc062723c751e8b465ee728b)  -> (artifact id: '9f76fe6218d3da5a9bb358fed0c0ec32') in 0.019094 seconds 
  Import took 0.024916 seconds .

========================================================================
Received Import Request.
  Time since last request: 3.159104 seconds.
  path: Assets/Scenes/Explosion/ParticleFirecloud 1.png
  artifactKey: Guid(28cc42ed2e1c5f442a97dc0b3af13c2e) Importer(815301076,1909f56bfc062723c751e8b465ee728b)
Start importing Assets/Scenes/Explosion/ParticleFirecloud 1.png using Guid(28cc42ed2e1c5f442a97dc0b3af13c2e) Importer(815301076,1909f56bfc062723c751e8b465ee728b)  -> (artifact id: '268af4407fa834c39798586539644bde') in 0.019526 seconds 
  Import took 0.025960 seconds .

========================================================================
Received Import Request.
  Time since last request: 12.973562 seconds.
  path: Assets/Scenes/UniversalRenderPipelineAsset.asset
  artifactKey: Guid(c72555781ff34b647aa2e6b69d0d0a8f) Importer(815301076,1909f56bfc062723c751e8b465ee728b)
Start importing Assets/Scenes/UniversalRenderPipelineAsset.asset using Guid(c72555781ff34b647aa2e6b69d0d0a8f) Importer(815301076,1909f56bfc062723c751e8b465ee728b)  -> (artifact id: '38238b6a3286c3c8e87167b2bf11bd01') in 0.415573 seconds 
  Import took 0.422927 seconds .

========================================================================
Received Import Request.
  Time since last request: 0.000427 seconds.
  path: Assets/Scenes/UniversalRenderPipelineAsset_Renderer.asset
  artifactKey: Guid(6bdeda28d594af846b8deb3beff4f338) Importer(815301076,1909f56bfc062723c751e8b465ee728b)
Start importing Assets/Scenes/UniversalRenderPipelineAsset_Renderer.asset using Guid(6bdeda28d594af846b8deb3beff4f338) Importer(815301076,1909f56bfc062723c751e8b465ee728b)  -> (artifact id: 'cac6b9ece443dbcfb2c92920943ac99e') in 0.028781 seconds 
  Import took 0.035618 seconds .

========================================================================
Received Import Request.
  Time since last request: 12.088022 seconds.
  path: Assets/Scenes/Flame
  artifactKey: Guid(92a8ff1ae6650fe48b82ecd48c89d444) Importer(815301076,1909f56bfc062723c751e8b465ee728b)
Start importing Assets/Scenes/Flame using Guid(92a8ff1ae6650fe48b82ecd48c89d444) Importer(815301076,1909f56bfc062723c751e8b465ee728b)  -> (artifact id: '9d02efd50f247b93dfe9014b6f8c60f9') in 0.004896 seconds 
  Import took 0.011818 seconds .

========================================================================
Received Import Request.
  Time since last request: 21.685717 seconds.
  path: Assets/Scenes/Flame/ParticleFirecloud.png
  artifactKey: Guid(28cc42ed2e1c5f442a97dc0b3af13c2e) Importer(815301076,1909f56bfc062723c751e8b465ee728b)
Start importing Assets/Scenes/Flame/ParticleFirecloud.png using Guid(28cc42ed2e1c5f442a97dc0b3af13c2e) Importer(815301076,1909f56bfc062723c751e8b465ee728b)  -> (artifact id: '56d286f2d2bbc7316c0e8a9815801bb5') in 0.013734 seconds 
  Import took 0.020049 seconds .

========================================================================
Received Import Request.
  Time since last request: 43.331987 seconds.
  path: Assets/Scenes/Flame/Fire.mat
  artifactKey: Guid(61adeb7740f240843b57dee556e2e73a) Importer(815301076,1909f56bfc062723c751e8b465ee728b)
Start importing Assets/Scenes/Flame/Fire.mat using Guid(61adeb7740f240843b57dee556e2e73a) Importer(815301076,1909f56bfc062723c751e8b465ee728b)  -> (artifact id: '4335585d050d36cf80cf94e3901bde48') in 0.019609 seconds 
  Import took 0.026348 seconds .

========================================================================
Received Import Request.
  Time since last request: 481.317030 seconds.
  path: Assets/Scenes/Prefabs/Flame.prefab
  artifactKey: Guid(fe417977d4f428646a84227729af595d) Importer(815301076,1909f56bfc062723c751e8b465ee728b)
Start importing Assets/Scenes/Prefabs/Flame.prefab using Guid(fe417977d4f428646a84227729af595d) Importer(815301076,1909f56bfc062723c751e8b465ee728b)  -> (artifact id: 'e8e2542dd26b3f73240b785e7e8d4992') in 0.037068 seconds 
  Import took 0.044365 seconds .

========================================================================
Received Import Request.
  Time since last request: 92.331984 seconds.
  path: Assets/Scenes/Flame/Fire.mat
  artifactKey: Guid(61adeb7740f240843b57dee556e2e73a) Importer(815301076,1909f56bfc062723c751e8b465ee728b)
Start importing Assets/Scenes/Flame/Fire.mat using Guid(61adeb7740f240843b57dee556e2e73a) Importer(815301076,1909f56bfc062723c751e8b465ee728b)  -> (artifact id: 'a22dfa4fb9d645a67f073b993f0a08a1') in 0.019230 seconds 
  Import took 0.069984 seconds .

========================================================================
Received Import Request.
  Time since last request: 46.669012 seconds.
  path: Assets/Scenes/SampleScene.unity
  artifactKey: Guid(9fc0d4010bbf28b4594072e72b8655ab) Importer(815301076,1909f56bfc062723c751e8b465ee728b)
Start importing Assets/Scenes/SampleScene.unity using Guid(9fc0d4010bbf28b4594072e72b8655ab) Importer(815301076,1909f56bfc062723c751e8b465ee728b)  -> (artifact id: 'af6b178d3a6695c9303fdb4e06fe985b') in 0.005054 seconds 
  Import took 0.011156 seconds .

AssetImportWorkerClient::OnTransportError - code=2 error=End of file
